#-----------------------------------------------------------
# Vivado v2023.1 (64-bit)
# SW Build 3865809 on Sun May  7 15:05:29 MDT 2023
# IP Build 3864474 on Sun May  7 20:36:21 MDT 2023
# SharedData Build 3865790 on Sun May 07 13:33:03 MDT 2023
# Start of session at: Wed Dec 27 13:48:47 2023
# Process ID: 10280
# Current directory: C:/Users/Bendigeri/Desktop/josh-new-collision/es2e3-collisions
# Command line: vivado.exe -gui_launcher_event rodinguilauncherevent6716 C:\Users\Bendigeri\Desktop\josh-new-collision\es2e3-collisions\coursework.xpr
# Log file: C:/Users/Bendigeri/Desktop/josh-new-collision/es2e3-collisions/vivado.log
# Journal file: C:/Users/Bendigeri/Desktop/josh-new-collision/es2e3-collisions\vivado.jou
# Running On: Meena, OS: Windows, CPU Frequency: 1498 MHz, CPU Physical cores: 4, Host memory: 8350 MB
#-----------------------------------------------------------
start_gui
open_project C:/Users/Bendigeri/Desktop/josh-new-collision/es2e3-collisions/coursework.xpr
WARNING: [Board 49-26] cannot add Board Part xilinx.com:kc705:part0:1.6 available at C:/Xilinx/Vivado/2023.1/data/xhub/boards/XilinxBoardStore/boards/Xilinx/kc705/1.6/board.xml as part xc7k325tffg900-2 specified in board_part file is either invalid or not available
WARNING: [Board 49-26] cannot add Board Part xilinx.com:kcu105:part0:1.6 available at C:/Xilinx/Vivado/2023.1/data/xhub/boards/XilinxBoardStore/boards/Xilinx/kcu105/1.6/board.xml as part xcku040-ffva1156-2-e specified in board_part file is either invalid or not available
WARNING: [Board 49-26] cannot add Board Part xilinx.com:kcu105:part0:1.7 available at C:/Xilinx/Vivado/2023.1/data/xhub/boards/XilinxBoardStore/boards/Xilinx/kcu105/1.7/board.xml as part xcku040-ffva1156-2-e specified in board_part file is either invalid or not available
WARNING: [Board 49-26] cannot add Board Part xilinx.com:kcu116:part0:1.4 available at C:/Xilinx/Vivado/2023.1/data/xhub/boards/XilinxBoardStore/boards/Xilinx/kcu116/1.4/board.xml as part xcku5p-ffvb676-2-e specified in board_part file is either invalid or not available
WARNING: [Board 49-26] cannot add Board Part xilinx.com:kcu116:part0:1.5 available at C:/Xilinx/Vivado/2023.1/data/xhub/boards/XilinxBoardStore/boards/Xilinx/kcu116/1.5/board.xml as part xcku5p-ffvb676-2-e specified in board_part file is either invalid or not available
WARNING: [Board 49-26] cannot add Board Part xilinx.com:kcu1500:part0:1.2 available at C:/Xilinx/Vivado/2023.1/data/xhub/boards/XilinxBoardStore/boards/Xilinx/kcu1500/1.2/board.xml as part xcku115-flvb2104-2-e specified in board_part file is either invalid or not available
WARNING: [Board 49-26] cannot add Board Part xilinx.com:vc707:part0:1.4 available at C:/Xilinx/Vivado/2023.1/data/xhub/boards/XilinxBoardStore/boards/Xilinx/vc707/1.4/board.xml as part xc7vx485tffg1761-2 specified in board_part file is either invalid or not available
WARNING: [Board 49-26] cannot add Board Part xilinx.com:vc709:part0:1.8 available at C:/Xilinx/Vivado/2023.1/data/xhub/boards/XilinxBoardStore/boards/Xilinx/vc709/1.8/board.xml as part xc7vx690tffg1761-2 specified in board_part file is either invalid or not available
WARNING: [Board 49-26] cannot add Board Part xilinx.com:vck190:part0:2.2 available at C:/Xilinx/Vivado/2023.1/data/xhub/boards/XilinxBoardStore/boards/Xilinx/vck190/production/2.2/board.xml as part xcvc1902-vsva2197-2mp-e-s specified in board_part file is either invalid or not available
WARNING: [Board 49-26] cannot add Board Part xilinx.com:vck190:part0:3.0 available at C:/Xilinx/Vivado/2023.1/data/xhub/boards/XilinxBoardStore/boards/Xilinx/vck190/production/3.0/board.xml as part xcvc1902-vsva2197-2mp-e-s specified in board_part file is either invalid or not available
WARNING: [Board 49-26] cannot add Board Part xilinx.com:vck190:part0:3.1 available at C:/Xilinx/Vivado/2023.1/data/xhub/boards/XilinxBoardStore/boards/Xilinx/vck190/production/3.1/board.xml as part xcvc1902-vsva2197-2mp-e-s specified in board_part file is either invalid or not available
WARNING: [Board 49-26] cannot add Board Part xilinx.com:vck190:part0:3.2 available at C:/Xilinx/Vivado/2023.1/data/xhub/boards/XilinxBoardStore/boards/Xilinx/vck190/production/3.2/board.xml as part xcvc1902-vsva2197-2mp-e-s specified in board_part file is either invalid or not available
WARNING: [Board 49-26] cannot add Board Part xilinx.com:vck190_newl:part0:1.0 available at C:/Xilinx/Vivado/2023.1/data/xhub/boards/XilinxBoardStore/boards/Xilinx/vck190_newl/production/1.0/board.xml as part xcvc1902-vsva2197-2mp-e-s specified in board_part file is either invalid or not available
WARNING: [Board 49-26] cannot add Board Part xilinx.com:vck190_newl:part0:1.1 available at C:/Xilinx/Vivado/2023.1/data/xhub/boards/XilinxBoardStore/boards/Xilinx/vck190_newl/production/1.1/board.xml as part xcvc1902-vsva2197-2mp-e-s specified in board_part file is either invalid or not available
WARNING: [Board 49-26] cannot add Board Part xilinx.com:vcu108:part0:1.6 available at C:/Xilinx/Vivado/2023.1/data/xhub/boards/XilinxBoardStore/boards/Xilinx/vcu108/1.6/board.xml as part xcvu095-ffva2104-2-e specified in board_part file is either invalid or not available
WARNING: [Board 49-26] cannot add Board Part xilinx.com:vcu108:part0:1.7 available at C:/Xilinx/Vivado/2023.1/data/xhub/boards/XilinxBoardStore/boards/Xilinx/vcu108/1.7/board.xml as part xcvu095-ffva2104-2-e specified in board_part file is either invalid or not available
WARNING: [Board 49-26] cannot add Board Part xilinx.com:vcu110:part0:1.4 available at C:/Xilinx/Vivado/2023.1/data/xhub/boards/XilinxBoardStore/boards/Xilinx/vcu110/1.4/board.xml as part xcvu190-flgc2104-2-e specified in board_part file is either invalid or not available
WARNING: [Board 49-26] cannot add Board Part xilinx.com:vcu118:part0:2.0 available at C:/Xilinx/Vivado/2023.1/data/xhub/boards/XilinxBoardStore/boards/Xilinx/vcu118/2.0/board.xml as part xcvu9p-flga2104-2l-e specified in board_part file is either invalid or not available
WARNING: [Board 49-26] cannot add Board Part xilinx.com:vcu118:part0:2.3 available at C:/Xilinx/Vivado/2023.1/data/xhub/boards/XilinxBoardStore/boards/Xilinx/vcu118/2.3/board.xml as part xcvu9p-flga2104-2l-e specified in board_part file is either invalid or not available
WARNING: [Board 49-26] cannot add Board Part xilinx.com:vcu118:part0:2.4 available at C:/Xilinx/Vivado/2023.1/data/xhub/boards/XilinxBoardStore/boards/Xilinx/vcu118/2.4/board.xml as part xcvu9p-flga2104-2l-e specified in board_part file is either invalid or not available
WARNING: [Board 49-26] cannot add Board Part xilinx.com:vcu128:part0:1.0 available at C:/Xilinx/Vivado/2023.1/data/xhub/boards/XilinxBoardStore/boards/Xilinx/vcu128/production/1.0/board.xml as part xcvu37p-fsvh2892-2l-e specified in board_part file is either invalid or not available
WARNING: [Board 49-26] cannot add Board Part xilinx.com:vcu129:part0:1.0 available at C:/Xilinx/Vivado/2023.1/data/xhub/boards/XilinxBoardStore/boards/Xilinx/vcu129/production/1.0/board.xml as part xcvu29p-fsga2577-2l-e specified in board_part file is either invalid or not available
WARNING: [Board 49-26] cannot add Board Part xilinx.com:vcu1525:part0:1.3 available at C:/Xilinx/Vivado/2023.1/data/xhub/boards/XilinxBoardStore/boards/Xilinx/vcu1525/1.3/board.xml as part xcvu9p-fsgd2104-2l-e specified in board_part file is either invalid or not available
WARNING: [Board 49-26] cannot add Board Part xilinx.com:vek280_es:part0:1.0 available at C:/Xilinx/Vivado/2023.1/data/xhub/boards/XilinxBoardStore/boards/Xilinx/vek280/es/rev_a/1.0/board.xml as part xcve2802-vsvh1760-2lp-e-s-es1 specified in board_part file is either invalid or not available
WARNING: [Board 49-26] cannot add Board Part xilinx.com:vek280_es:part0:1.1 available at C:/Xilinx/Vivado/2023.1/data/xhub/boards/XilinxBoardStore/boards/Xilinx/vek280/es/rev_a/1.1/board.xml as part xcve2802-vsvh1760-2lp-e-s-es1 specified in board_part file is either invalid or not available
WARNING: [Board 49-26] cannot add Board Part xilinx.com:vek280_es_revb:part0:1.0 available at C:/Xilinx/Vivado/2023.1/data/xhub/boards/XilinxBoardStore/boards/Xilinx/vek280/es/rev_b/1.0/board.xml as part xcve2802-vsvh1760-2mp-e-s-es1 specified in board_part file is either invalid or not available
WARNING: [Board 49-26] cannot add Board Part xilinx.com:vek280_es_revb:part0:1.1 available at C:/Xilinx/Vivado/2023.1/data/xhub/boards/XilinxBoardStore/boards/Xilinx/vek280/es/rev_b/1.1/board.xml as part xcve2802-vsvh1760-2mp-e-s-es1 specified in board_part file is either invalid or not available
WARNING: [Board 49-26] cannot add Board Part xilinx.com:vermeo_t1_mpsoc:part0:1.0 available at C:/Xilinx/Vivado/2023.1/data/xhub/boards/XilinxBoardStore/boards/Xilinx/vermeo_t1_mpsoc/1.0/board.xml as part xczu19eg-ffvd1760-2l-e specified in board_part file is either invalid or not available
WARNING: [Board 49-26] cannot add Board Part xilinx.com:vermeo_t1_rfsoc:part0:1.0 available at C:/Xilinx/Vivado/2023.1/data/xhub/boards/XilinxBoardStore/boards/Xilinx/vermeo_t1_rfsoc/1.0/board.xml as part xczu21dr-ffvd1156-2l-e specified in board_part file is either invalid or not available
WARNING: [Board 49-26] cannot add Board Part xilinx.com:vhk158:part0:1.0 available at C:/Xilinx/Vivado/2023.1/data/xhub/boards/XilinxBoardStore/boards/Xilinx/vhk158/production/1.0/board.xml as part xcvh1582-vsva3697-2mp-e-s specified in board_part file is either invalid or not available
WARNING: [Board 49-26] cannot add Board Part xilinx.com:vhk158_es:part0:1.0 available at C:/Xilinx/Vivado/2023.1/data/xhub/boards/XilinxBoardStore/boards/Xilinx/vhk158/es/1.0/board.xml as part xcvh1582-vsva3697-2mp-e-s-es1 specified in board_part file is either invalid or not available
WARNING: [Board 49-26] cannot add Board Part xilinx.com:vhk158_es:part0:1.1 available at C:/Xilinx/Vivado/2023.1/data/xhub/boards/XilinxBoardStore/boards/Xilinx/vhk158/es/1.1/board.xml as part xcvh1582-vsva3697-2mp-e-s-es1 specified in board_part file is either invalid or not available
WARNING: [Board 49-26] cannot add Board Part xilinx.com:vmk180:part0:2.2 available at C:/Xilinx/Vivado/2023.1/data/xhub/boards/XilinxBoardStore/boards/Xilinx/vmk180/production/2.2/board.xml as part xcvm1802-vsva2197-2mp-e-s specified in board_part file is either invalid or not available
WARNING: [Board 49-26] cannot add Board Part xilinx.com:vmk180:part0:3.0 available at C:/Xilinx/Vivado/2023.1/data/xhub/boards/XilinxBoardStore/boards/Xilinx/vmk180/production/3.0/board.xml as part xcvm1802-vsva2197-2mp-e-s specified in board_part file is either invalid or not available
WARNING: [Board 49-26] cannot add Board Part xilinx.com:vmk180:part0:3.1 available at C:/Xilinx/Vivado/2023.1/data/xhub/boards/XilinxBoardStore/boards/Xilinx/vmk180/production/3.1/board.xml as part xcvm1802-vsva2197-2mp-e-s specified in board_part file is either invalid or not available
WARNING: [Board 49-26] cannot add Board Part xilinx.com:vmk180:part0:3.2 available at C:/Xilinx/Vivado/2023.1/data/xhub/boards/XilinxBoardStore/boards/Xilinx/vmk180/production/3.2/board.xml as part xcvm1802-vsva2197-2mp-e-s specified in board_part file is either invalid or not available
WARNING: [Board 49-26] cannot add Board Part xilinx.com:vmk180_newl:part0:1.0 available at C:/Xilinx/Vivado/2023.1/data/xhub/boards/XilinxBoardStore/boards/Xilinx/vmk180_newl/production/1.0/board.xml as part xcvm1802-vsva2197-2mp-e-s specified in board_part file is either invalid or not available
WARNING: [Board 49-26] cannot add Board Part xilinx.com:vmk180_newl:part0:1.1 available at C:/Xilinx/Vivado/2023.1/data/xhub/boards/XilinxBoardStore/boards/Xilinx/vmk180_newl/production/1.1/board.xml as part xcvm1802-vsva2197-2mp-e-s specified in board_part file is either invalid or not available
WARNING: [Board 49-26] cannot add Board Part xilinx.com:vpk120:part0:1.0 available at C:/Xilinx/Vivado/2023.1/data/xhub/boards/XilinxBoardStore/boards/Xilinx/vpk120/production/1.0/board.xml as part xcvp1202-vsva2785-2mp-e-s specified in board_part file is either invalid or not available
WARNING: [Board 49-26] cannot add Board Part xilinx.com:vpk120:part0:1.1 available at C:/Xilinx/Vivado/2023.1/data/xhub/boards/XilinxBoardStore/boards/Xilinx/vpk120/production/1.1/board.xml as part xcvp1202-vsva2785-2mp-e-s specified in board_part file is either invalid or not available
WARNING: [Board 49-26] cannot add Board Part xilinx.com:vpk120_es:part0:1.2 available at C:/Xilinx/Vivado/2023.1/data/xhub/boards/XilinxBoardStore/boards/Xilinx/vpk120/es/1.2/board.xml as part xcvp1202-vsva2785-2mp-e-s-es1 specified in board_part file is either invalid or not available
WARNING: [Board 49-26] cannot add Board Part xilinx.com:vpk120_es:part0:1.3 available at C:/Xilinx/Vivado/2023.1/data/xhub/boards/XilinxBoardStore/boards/Xilinx/vpk120/es/1.3/board.xml as part xcvp1202-vsva2785-2mp-e-s-es1 specified in board_part file is either invalid or not available
WARNING: [Board 49-26] cannot add Board Part xilinx.com:vpk120_es_revb:part0:1.0 available at C:/Xilinx/Vivado/2023.1/data/xhub/boards/XilinxBoardStore/boards/Xilinx/vpk120_revb/es/1.0/board.xml as part xcvp1202-vsva2785-2mp-e-s-es1 specified in board_part file is either invalid or not available
WARNING: [Board 49-26] cannot add Board Part xilinx.com:vpk120_es_revb:part0:1.1 available at C:/Xilinx/Vivado/2023.1/data/xhub/boards/XilinxBoardStore/boards/Xilinx/vpk120_revb/es/1.1/board.xml as part xcvp1202-vsva2785-2mp-e-s-es1 specified in board_part file is either invalid or not available
WARNING: [Board 49-26] cannot add Board Part xilinx.com:vpk180:part0:1.0 available at C:/Xilinx/Vivado/2023.1/data/xhub/boards/XilinxBoardStore/boards/Xilinx/vpk180/production/1.0/board.xml as part xcvp1802-lsvc4072-2mp-e-s specified in board_part file is either invalid or not available
WARNING: [Board 49-26] cannot add Board Part xilinx.com:vpk180:part0:1.1 available at C:/Xilinx/Vivado/2023.1/data/xhub/boards/XilinxBoardStore/boards/Xilinx/vpk180/production/1.1/board.xml as part xcvp1802-lsvc4072-2mp-e-s specified in board_part file is either invalid or not available
WARNING: [Board 49-26] cannot add Board Part xilinx.com:vpk180_es:part0:1.0 available at C:/Xilinx/Vivado/2023.1/data/xhub/boards/XilinxBoardStore/boards/Xilinx/vpk180/es/1.0/board.xml as part xcvp1802-lsvc4072-2mp-e-s-es1 specified in board_part file is either invalid or not available
WARNING: [Board 49-26] cannot add Board Part xilinx.com:vpk180_es:part0:1.1 available at C:/Xilinx/Vivado/2023.1/data/xhub/boards/XilinxBoardStore/boards/Xilinx/vpk180/es/1.1/board.xml as part xcvp1802-lsvc4072-2mp-e-s-es1 specified in board_part file is either invalid or not available
WARNING: [Board 49-26] cannot add Board Part xilinx.com:zc706:part0:1.4 available at C:/Xilinx/Vivado/2023.1/data/xhub/boards/XilinxBoardStore/boards/Xilinx/zc706/1.4/board.xml as part xc7z045ffg900-2 specified in board_part file is either invalid or not available
WARNING: [Board 49-26] cannot add Board Part xilinx.com:zcu102:part0:3.3 available at C:/Xilinx/Vivado/2023.1/data/xhub/boards/XilinxBoardStore/boards/Xilinx/zcu102/3.3/board.xml as part xczu9eg-ffvb1156-2-e specified in board_part file is either invalid or not available
WARNING: [Board 49-26] cannot add Board Part xilinx.com:zcu102:part0:3.4 available at C:/Xilinx/Vivado/2023.1/data/xhub/boards/XilinxBoardStore/boards/Xilinx/zcu102/3.4/board.xml as part xczu9eg-ffvb1156-2-e specified in board_part file is either invalid or not available
WARNING: [Board 49-26] cannot add Board Part xilinx.com:zcu111:part0:1.2 available at C:/Xilinx/Vivado/2023.1/data/xhub/boards/XilinxBoardStore/boards/Xilinx/zcu111/1.2/board.xml as part xczu28dr-ffvg1517-2-e specified in board_part file is either invalid or not available
WARNING: [Board 49-26] cannot add Board Part xilinx.com:zcu111:part0:1.3 available at C:/Xilinx/Vivado/2023.1/data/xhub/boards/XilinxBoardStore/boards/Xilinx/zcu111/1.3/board.xml as part xczu28dr-ffvg1517-2-e specified in board_part file is either invalid or not available
WARNING: [Board 49-26] cannot add Board Part xilinx.com:zcu111:part0:1.4 available at C:/Xilinx/Vivado/2023.1/data/xhub/boards/XilinxBoardStore/boards/Xilinx/zcu111/1.4/board.xml as part xczu28dr-ffvg1517-2-e specified in board_part file is either invalid or not available
WARNING: [Board 49-26] cannot add Board Part xilinx.com:zcu1275:part0:1.0 available at C:/Xilinx/Vivado/2023.1/data/xhub/boards/XilinxBoardStore/boards/Xilinx/zcu1275/1.0/board.xml as part xczu29dr-ffvf1760-2-e specified in board_part file is either invalid or not available
WARNING: [Board 49-26] cannot add Board Part xilinx.com:zcu1285:part0:1.0 available at C:/Xilinx/Vivado/2023.1/data/xhub/boards/XilinxBoardStore/boards/Xilinx/zcu1285/1.0/board.xml as part xczu39dr-ffvf1760-2-i specified in board_part file is either invalid or not available
WARNING: [Board 49-26] cannot add Board Part xilinx.com:zcu208:part0:2.0 available at C:/Xilinx/Vivado/2023.1/data/xhub/boards/XilinxBoardStore/boards/Xilinx/zcu208/production/2.0/board.xml as part xczu48dr-fsvg1517-2-e specified in board_part file is either invalid or not available
WARNING: [Board 49-26] cannot add Board Part xilinx.com:zcu208ld:part0:2.0 available at C:/Xilinx/Vivado/2023.1/data/xhub/boards/XilinxBoardStore/boards/Xilinx/zcu208ld/production/2.0/board.xml as part xczu58dr-fsvg1517-2-i specified in board_part file is either invalid or not available
WARNING: [Board 49-26] cannot add Board Part xilinx.com:zcu216:part0:2.0 available at C:/Xilinx/Vivado/2023.1/data/xhub/boards/XilinxBoardStore/boards/Xilinx/zcu216/production/2.0/board.xml as part xczu49dr-ffvf1760-2-e specified in board_part file is either invalid or not available
WARNING: [Board 49-26] cannot add Board Part xilinx.com:zcu216ld:part0:2.0 available at C:/Xilinx/Vivado/2023.1/data/xhub/boards/XilinxBoardStore/boards/Xilinx/zcu216ld/production/2.0/board.xml as part xczu59dr-ffvf1760-2-i specified in board_part file is either invalid or not available
WARNING: [Board 49-26] cannot add Board Part xilinx.com:zcu670:part0:2.0 available at C:/Xilinx/Vivado/2023.1/data/xhub/boards/XilinxBoardStore/boards/Xilinx/zcu670/2.0/board.xml as part xczu67dr-fsve1156-2-i specified in board_part file is either invalid or not available
WARNING: [Board 49-26] cannot add Board Part xilinx.com:zcu670ld:part0:1.0 available at C:/Xilinx/Vivado/2023.1/data/xhub/boards/XilinxBoardStore/boards/Xilinx/zcu670ld/1.0/board.xml as part xczu57dr-fsve1156-2-i specified in board_part file is either invalid or not available
INFO: [Project 1-313] Project file moved from 'C:/Users/Joshua/Desktop/Programming/uni/es2e3/coursework' since last save.
Scanning sources...
Finished scanning sources
WARNING: [Project 1-509] GeneratedRun file for 'synth_1' not found
WARNING: [Project 1-509] GeneratedRun file for 'paddle_sprite_synth_1' not found
WARNING: [Project 1-509] GeneratedRun file for 'clk_wiz_0_synth_1' not found
WARNING: [Project 1-509] GeneratedRun file for 'clk_wiz_1_synth_1' not found
WARNING: [Project 1-509] GeneratedRun file for 'impl_1' not found
INFO: [IP_Flow 19-234] Refreshing IP repositories
INFO: [IP_Flow 19-1704] No user IP repositories specified
INFO: [IP_Flow 19-2313] Loaded Vivado IP repository 'C:/Xilinx/Vivado/2023.1/data/ip'.
WARNING: [IP_Flow 19-2162] IP 'clk_wiz_0' is locked:
* This IP has board specific outputs. Current project board 'unset' and the board 'digilentinc.com:nexys4_ddr:part0:1.1' used to customize the IP 'clk_wiz_0' do not match.
WARNING: [IP_Flow 19-2162] IP 'clk_wiz_1' is locked:
* This IP has board specific outputs. Current project board 'unset' and the board 'digilentinc.com:nexys4_ddr:part0:1.1' used to customize the IP 'clk_wiz_1' do not match.
open_project: Time (s): cpu = 00:00:14 ; elapsed = 00:00:14 . Memory (MB): peak = 1455.844 ; gain = 383.703
update_compile_order -fileset sources_1
launch_runs impl_1 -to_step write_bitstream -jobs 8
INFO: [IP_Flow 19-1686] Generating 'Synthesis' target for IP 'paddle_sprite'...
WARNING: [Project 1-576] IP 'C:/Users/Bendigeri/Desktop/josh-new-collision/es2e3-collisions/coursework.srcs/sources_1/ip/clk_wiz_0/clk_wiz_0.xci' in run clk_wiz_0_synth_1 is locked, no out-of-context (OOC) run will be launched. The run may not be able to complete.
Please select 'Report IP Status' from 'Tools/Report' or run the Tcl command 'report_ip_status' for more information.
WARNING: [Project 1-576] IP 'C:/Users/Bendigeri/Desktop/josh-new-collision/es2e3-collisions/coursework.srcs/sources_1/ip/clk_wiz_1/clk_wiz_1.xci' in run clk_wiz_1_synth_1 is locked, no out-of-context (OOC) run will be launched. The run may not be able to complete.
Please select 'Report IP Status' from 'Tools/Report' or run the Tcl command 'report_ip_status' for more information.
[Wed Dec 27 13:49:46 2023] Launched paddle_sprite_synth_1, clk_wiz_0_synth_1, clk_wiz_1_synth_1, synth_1...
Run output will be captured here:
paddle_sprite_synth_1: C:/Users/Bendigeri/Desktop/josh-new-collision/es2e3-collisions/coursework.runs/paddle_sprite_synth_1/runme.log
clk_wiz_0_synth_1: C:/Users/Bendigeri/Desktop/josh-new-collision/es2e3-collisions/coursework.runs/clk_wiz_0_synth_1/runme.log
clk_wiz_1_synth_1: C:/Users/Bendigeri/Desktop/josh-new-collision/es2e3-collisions/coursework.runs/clk_wiz_1_synth_1/runme.log
synth_1: C:/Users/Bendigeri/Desktop/josh-new-collision/es2e3-collisions/coursework.runs/synth_1/runme.log
[Wed Dec 27 13:49:47 2023] Launched impl_1...
Run output will be captured here: C:/Users/Bendigeri/Desktop/josh-new-collision/es2e3-collisions/coursework.runs/impl_1/runme.log
open_hw_manager
connect_hw_server -allow_non_jtag
INFO: [Labtools 27-2285] Connecting to hw_server url TCP:localhost:3121
INFO: [Labtools 27-2222] Launching hw_server...
INFO: [Labtools 27-2221] Launch Output:
ECHO is off.
ECHO is off.

****** Xilinx hw_server v2023.1
  **** Build date : May  7 2023 at 15:26:57
    ** Copyright 1986-2022 Xilinx, Inc. All Rights Reserved.


INFO: [Labtools 27-3415] Connecting to cs_server url TCP:localhost:0
INFO: [Labtools 27-3417] Launching cs_server...
INFO: [Labtools 27-2221] Launch Output:
ECHO is off.
ECHO is off.


******** Xilinx cs_server v2023.1.0
  ****** Build date   : Apr 10 2023-16:59:24
    **** Build number : 2023.1.1681142364
      ** Copyright 2017-2022 Xilinx, Inc. All Rights Reserved.
      ** Copyright 2022-2023 Advanced Micro Devices, Inc. All Rights Reserved.



connect_hw_server: Time (s): cpu = 00:00:01 ; elapsed = 00:00:07 . Memory (MB): peak = 1498.547 ; gain = 2.867
open_hw_target
INFO: [Labtoolstcl 44-466] Opening hw_target localhost:3121/xilinx_tcf/Digilent/210292AE3B3CA
ERROR: [Labtools 27-2269] No devices detected on target localhost:3121/xilinx_tcf/Digilent/210292AE3B3CA.
Check cable connectivity and that the target board is powered up then
use the disconnect_hw_server and connect_hw_server to re-register this hardware target.
ERROR: [Common 17-39] 'open_hw_target' failed due to earlier errors.
set_property PROBES.FILE {} [get_hw_devices xc7a100t_0]
set_property FULL_PROBES.FILE {} [get_hw_devices xc7a100t_0]
set_property PROGRAM.FILE {C:/Users/Bendigeri/Desktop/josh-new-collision/es2e3-collisions/coursework.runs/impl_1/game_top.bit} [get_hw_devices xc7a100t_0]
program_hw_devices [get_hw_devices xc7a100t_0]
INFO: [Labtools 27-3164] End of startup status: HIGH
refresh_hw_device [lindex [get_hw_devices xc7a100t_0] 0]
INFO: [Labtools 27-1434] Device xc7a100t (JTAG device index = 0) is programmed with a design that has no supported debug core(s) in it.
WARNING: [IP_Flow 19-4067] Ignoring invalid widget type specified checkbox.Providing a default widget
WARNING: [IP_Flow 19-4067] Ignoring invalid widget type specified checkbox.Providing a default widget
INFO: [IP_Flow 19-3484] Absolute path of file 'c:/Users/Bendigeri/Desktop/cs255/lives.coe' provided. It will be converted relative to IP Instance files '../../../../../../cs255/lives.coe'
create_ip -name blk_mem_gen -vendor xilinx.com -library ip -version 8.4 -module_name lives_sprite
set_property -dict [list \
  CONFIG.Coe_File {C:/Users/Bendigeri/Desktop/cs255/lives.coe} \
  CONFIG.Enable_A {Always_Enabled} \
  CONFIG.Load_Init_File {true} \
  CONFIG.Memory_Type {Single_Port_ROM} \
  CONFIG.Write_Depth_A {23900} \
  CONFIG.Write_Width_A {12} \
] [get_ips lives_sprite]
INFO: [IP_Flow 19-3484] Absolute path of file 'c:/Users/Bendigeri/Desktop/cs255/lives.coe' provided. It will be converted relative to IP Instance files '../../../../../../cs255/lives.coe'
generate_target {instantiation_template} [get_files c:/Users/Bendigeri/Desktop/josh-new-collision/es2e3-collisions/coursework.srcs/sources_1/ip/lives_sprite/lives_sprite.xci]
INFO: [IP_Flow 19-1686] Generating 'Instantiation Template' target for IP 'lives_sprite'...
generate_target all [get_files  c:/Users/Bendigeri/Desktop/josh-new-collision/es2e3-collisions/coursework.srcs/sources_1/ip/lives_sprite/lives_sprite.xci]
INFO: [IP_Flow 19-1686] Generating 'Synthesis' target for IP 'lives_sprite'...
INFO: [IP_Flow 19-1686] Generating 'Simulation' target for IP 'lives_sprite'...
INFO: [IP_Flow 19-1686] Generating 'Miscellaneous' target for IP 'lives_sprite'...
INFO: [IP_Flow 19-1686] Generating 'Change Log' target for IP 'lives_sprite'...
catch { config_ip_cache -export [get_ips -all lives_sprite] }
INFO: [IP_Flow 19-6924] IPCACHE: Running cache check for IP inst: lives_sprite
export_ip_user_files -of_objects [get_files c:/Users/Bendigeri/Desktop/josh-new-collision/es2e3-collisions/coursework.srcs/sources_1/ip/lives_sprite/lives_sprite.xci] -no_script -sync -force -quiet
create_ip_run [get_files -of_objects [get_fileset sources_1] c:/Users/Bendigeri/Desktop/josh-new-collision/es2e3-collisions/coursework.srcs/sources_1/ip/lives_sprite/lives_sprite.xci]
launch_runs lives_sprite_synth_1 -jobs 8
INFO: [IP_Flow 19-6924] IPCACHE: Running cache check for IP inst: lives_sprite
[Wed Dec 27 14:10:21 2023] Launched lives_sprite_synth_1...
Run output will be captured here: C:/Users/Bendigeri/Desktop/josh-new-collision/es2e3-collisions/coursework.runs/lives_sprite_synth_1/runme.log
export_simulation -of_objects [get_files c:/Users/Bendigeri/Desktop/josh-new-collision/es2e3-collisions/coursework.srcs/sources_1/ip/lives_sprite/lives_sprite.xci] -directory C:/Users/Bendigeri/Desktop/josh-new-collision/es2e3-collisions/coursework.ip_user_files/sim_scripts -ip_user_files_dir C:/Users/Bendigeri/Desktop/josh-new-collision/es2e3-collisions/coursework.ip_user_files -ipstatic_source_dir C:/Users/Bendigeri/Desktop/josh-new-collision/es2e3-collisions/coursework.ip_user_files/ipstatic -lib_map_path [list {modelsim=C:/Users/Bendigeri/Desktop/josh-new-collision/es2e3-collisions/coursework.cache/compile_simlib/modelsim} {questa=C:/Users/Bendigeri/Desktop/josh-new-collision/es2e3-collisions/coursework.cache/compile_simlib/questa} {riviera=C:/Users/Bendigeri/Desktop/josh-new-collision/es2e3-collisions/coursework.cache/compile_simlib/riviera} {activehdl=C:/Users/Bendigeri/Desktop/josh-new-collision/es2e3-collisions/coursework.cache/compile_simlib/activehdl}] -use_ip_compiled_libs -force -quiet
WARNING: [IP_Flow 19-4067] Ignoring invalid widget type specified checkbox.Providing a default widget
WARNING: [IP_Flow 19-4067] Ignoring invalid widget type specified checkbox.Providing a default widget
INFO: [IP_Flow 19-3484] Absolute path of file 'c:/Users/Bendigeri/Desktop/cs255/heart.coe' provided. It will be converted relative to IP Instance files '../../../../../../cs255/heart.coe'
create_ip -name blk_mem_gen -vendor xilinx.com -library ip -version 8.4 -module_name heart_sprite
set_property -dict [list \
  CONFIG.Coe_File {C:/Users/Bendigeri/Desktop/cs255/heart.coe} \
  CONFIG.Enable_A {Always_Enabled} \
  CONFIG.Load_Init_File {true} \
  CONFIG.Memory_Type {Single_Port_ROM} \
  CONFIG.Write_Depth_A {7900} \
  CONFIG.Write_Width_A {12} \
] [get_ips heart_sprite]
INFO: [IP_Flow 19-3484] Absolute path of file 'c:/Users/Bendigeri/Desktop/cs255/heart.coe' provided. It will be converted relative to IP Instance files '../../../../../../cs255/heart.coe'
generate_target {instantiation_template} [get_files c:/Users/Bendigeri/Desktop/josh-new-collision/es2e3-collisions/coursework.srcs/sources_1/ip/heart_sprite/heart_sprite.xci]
INFO: [IP_Flow 19-1686] Generating 'Instantiation Template' target for IP 'heart_sprite'...
generate_target all [get_files  c:/Users/Bendigeri/Desktop/josh-new-collision/es2e3-collisions/coursework.srcs/sources_1/ip/heart_sprite/heart_sprite.xci]
INFO: [IP_Flow 19-1686] Generating 'Synthesis' target for IP 'heart_sprite'...
INFO: [IP_Flow 19-1686] Generating 'Simulation' target for IP 'heart_sprite'...
INFO: [IP_Flow 19-1686] Generating 'Miscellaneous' target for IP 'heart_sprite'...
INFO: [IP_Flow 19-1686] Generating 'Change Log' target for IP 'heart_sprite'...
catch { config_ip_cache -export [get_ips -all heart_sprite] }
INFO: [IP_Flow 19-6924] IPCACHE: Running cache check for IP inst: heart_sprite
export_ip_user_files -of_objects [get_files c:/Users/Bendigeri/Desktop/josh-new-collision/es2e3-collisions/coursework.srcs/sources_1/ip/heart_sprite/heart_sprite.xci] -no_script -sync -force -quiet
create_ip_run [get_files -of_objects [get_fileset sources_1] c:/Users/Bendigeri/Desktop/josh-new-collision/es2e3-collisions/coursework.srcs/sources_1/ip/heart_sprite/heart_sprite.xci]
launch_runs heart_sprite_synth_1 -jobs 8
INFO: [IP_Flow 19-6924] IPCACHE: Running cache check for IP inst: heart_sprite
[Wed Dec 27 14:12:28 2023] Launched heart_sprite_synth_1...
Run output will be captured here: C:/Users/Bendigeri/Desktop/josh-new-collision/es2e3-collisions/coursework.runs/heart_sprite_synth_1/runme.log
export_simulation -of_objects [get_files c:/Users/Bendigeri/Desktop/josh-new-collision/es2e3-collisions/coursework.srcs/sources_1/ip/heart_sprite/heart_sprite.xci] -directory C:/Users/Bendigeri/Desktop/josh-new-collision/es2e3-collisions/coursework.ip_user_files/sim_scripts -ip_user_files_dir C:/Users/Bendigeri/Desktop/josh-new-collision/es2e3-collisions/coursework.ip_user_files -ipstatic_source_dir C:/Users/Bendigeri/Desktop/josh-new-collision/es2e3-collisions/coursework.ip_user_files/ipstatic -lib_map_path [list {modelsim=C:/Users/Bendigeri/Desktop/josh-new-collision/es2e3-collisions/coursework.cache/compile_simlib/modelsim} {questa=C:/Users/Bendigeri/Desktop/josh-new-collision/es2e3-collisions/coursework.cache/compile_simlib/questa} {riviera=C:/Users/Bendigeri/Desktop/josh-new-collision/es2e3-collisions/coursework.cache/compile_simlib/riviera} {activehdl=C:/Users/Bendigeri/Desktop/josh-new-collision/es2e3-collisions/coursework.cache/compile_simlib/activehdl}] -use_ip_compiled_libs -force -quiet
WARNING: [IP_Flow 19-4067] Ignoring invalid widget type specified checkbox.Providing a default widget
WARNING: [IP_Flow 19-4067] Ignoring invalid widget type specified checkbox.Providing a default widget
INFO: [IP_Flow 19-3484] Absolute path of file 'c:/Users/Bendigeri/Desktop/cs255/id.coe' provided. It will be converted relative to IP Instance files '../../../../../../cs255/id.coe'
create_ip -name blk_mem_gen -vendor xilinx.com -library ip -version 8.4 -module_name id_sprite
set_property -dict [list \
  CONFIG.Coe_File {C:/Users/Bendigeri/Desktop/cs255/id.coe} \
  CONFIG.Enable_A {Always_Enabled} \
  CONFIG.Load_Init_File {true} \
  CONFIG.Memory_Type {Single_Port_ROM} \
  CONFIG.Write_Depth_A {26700} \
  CONFIG.Write_Width_A {12} \
] [get_ips id_sprite]
INFO: [IP_Flow 19-3484] Absolute path of file 'c:/Users/Bendigeri/Desktop/cs255/id.coe' provided. It will be converted relative to IP Instance files '../../../../../../cs255/id.coe'
generate_target {instantiation_template} [get_files c:/Users/Bendigeri/Desktop/josh-new-collision/es2e3-collisions/coursework.srcs/sources_1/ip/id_sprite/id_sprite.xci]
INFO: [IP_Flow 19-1686] Generating 'Instantiation Template' target for IP 'id_sprite'...
generate_target all [get_files  c:/Users/Bendigeri/Desktop/josh-new-collision/es2e3-collisions/coursework.srcs/sources_1/ip/id_sprite/id_sprite.xci]
INFO: [IP_Flow 19-1686] Generating 'Synthesis' target for IP 'id_sprite'...
INFO: [IP_Flow 19-1686] Generating 'Simulation' target for IP 'id_sprite'...
INFO: [IP_Flow 19-1686] Generating 'Miscellaneous' target for IP 'id_sprite'...
INFO: [IP_Flow 19-1686] Generating 'Change Log' target for IP 'id_sprite'...
catch { config_ip_cache -export [get_ips -all id_sprite] }
INFO: [IP_Flow 19-6924] IPCACHE: Running cache check for IP inst: id_sprite
export_ip_user_files -of_objects [get_files c:/Users/Bendigeri/Desktop/josh-new-collision/es2e3-collisions/coursework.srcs/sources_1/ip/id_sprite/id_sprite.xci] -no_script -sync -force -quiet
create_ip_run [get_files -of_objects [get_fileset sources_1] c:/Users/Bendigeri/Desktop/josh-new-collision/es2e3-collisions/coursework.srcs/sources_1/ip/id_sprite/id_sprite.xci]
launch_runs id_sprite_synth_1 -jobs 8
INFO: [IP_Flow 19-6924] IPCACHE: Running cache check for IP inst: id_sprite
[Wed Dec 27 14:14:01 2023] Launched id_sprite_synth_1...
Run output will be captured here: C:/Users/Bendigeri/Desktop/josh-new-collision/es2e3-collisions/coursework.runs/id_sprite_synth_1/runme.log
export_simulation -of_objects [get_files c:/Users/Bendigeri/Desktop/josh-new-collision/es2e3-collisions/coursework.srcs/sources_1/ip/id_sprite/id_sprite.xci] -directory C:/Users/Bendigeri/Desktop/josh-new-collision/es2e3-collisions/coursework.ip_user_files/sim_scripts -ip_user_files_dir C:/Users/Bendigeri/Desktop/josh-new-collision/es2e3-collisions/coursework.ip_user_files -ipstatic_source_dir C:/Users/Bendigeri/Desktop/josh-new-collision/es2e3-collisions/coursework.ip_user_files/ipstatic -lib_map_path [list {modelsim=C:/Users/Bendigeri/Desktop/josh-new-collision/es2e3-collisions/coursework.cache/compile_simlib/modelsim} {questa=C:/Users/Bendigeri/Desktop/josh-new-collision/es2e3-collisions/coursework.cache/compile_simlib/questa} {riviera=C:/Users/Bendigeri/Desktop/josh-new-collision/es2e3-collisions/coursework.cache/compile_simlib/riviera} {activehdl=C:/Users/Bendigeri/Desktop/josh-new-collision/es2e3-collisions/coursework.cache/compile_simlib/activehdl}] -use_ip_compiled_libs -force -quiet
WARNING: [IP_Flow 19-4067] Ignoring invalid widget type specified checkbox.Providing a default widget
WARNING: [IP_Flow 19-4067] Ignoring invalid widget type specified checkbox.Providing a default widget
INFO: [IP_Flow 19-3484] Absolute path of file 'c:/Users/Bendigeri/Desktop/cs255/title.coe' provided. It will be converted relative to IP Instance files '../../../../../../cs255/title.coe'
create_ip -name blk_mem_gen -vendor xilinx.com -library ip -version 8.4 -module_name title_sprite
set_property -dict [list \
  CONFIG.Coe_File {C:/Users/Bendigeri/Desktop/cs255/title.coe} \
  CONFIG.Enable_A {Always_Enabled} \
  CONFIG.Load_Init_File {true} \
  CONFIG.Memory_Type {Single_Port_ROM} \
  CONFIG.Write_Depth_A {22300} \
  CONFIG.Write_Width_A {12} \
] [get_ips title_sprite]
INFO: [IP_Flow 19-3484] Absolute path of file 'c:/Users/Bendigeri/Desktop/cs255/title.coe' provided. It will be converted relative to IP Instance files '../../../../../../cs255/title.coe'
generate_target {instantiation_template} [get_files c:/Users/Bendigeri/Desktop/josh-new-collision/es2e3-collisions/coursework.srcs/sources_1/ip/title_sprite/title_sprite.xci]
INFO: [IP_Flow 19-1686] Generating 'Instantiation Template' target for IP 'title_sprite'...
generate_target all [get_files  c:/Users/Bendigeri/Desktop/josh-new-collision/es2e3-collisions/coursework.srcs/sources_1/ip/title_sprite/title_sprite.xci]
INFO: [IP_Flow 19-1686] Generating 'Synthesis' target for IP 'title_sprite'...
INFO: [IP_Flow 19-1686] Generating 'Simulation' target for IP 'title_sprite'...
INFO: [IP_Flow 19-1686] Generating 'Miscellaneous' target for IP 'title_sprite'...
INFO: [IP_Flow 19-1686] Generating 'Change Log' target for IP 'title_sprite'...
catch { config_ip_cache -export [get_ips -all title_sprite] }
INFO: [IP_Flow 19-6924] IPCACHE: Running cache check for IP inst: title_sprite
export_ip_user_files -of_objects [get_files c:/Users/Bendigeri/Desktop/josh-new-collision/es2e3-collisions/coursework.srcs/sources_1/ip/title_sprite/title_sprite.xci] -no_script -sync -force -quiet
create_ip_run [get_files -of_objects [get_fileset sources_1] c:/Users/Bendigeri/Desktop/josh-new-collision/es2e3-collisions/coursework.srcs/sources_1/ip/title_sprite/title_sprite.xci]
launch_runs title_sprite_synth_1 -jobs 8
INFO: [IP_Flow 19-6924] IPCACHE: Running cache check for IP inst: title_sprite
[Wed Dec 27 14:15:30 2023] Launched title_sprite_synth_1...
Run output will be captured here: C:/Users/Bendigeri/Desktop/josh-new-collision/es2e3-collisions/coursework.runs/title_sprite_synth_1/runme.log
export_simulation -of_objects [get_files c:/Users/Bendigeri/Desktop/josh-new-collision/es2e3-collisions/coursework.srcs/sources_1/ip/title_sprite/title_sprite.xci] -directory C:/Users/Bendigeri/Desktop/josh-new-collision/es2e3-collisions/coursework.ip_user_files/sim_scripts -ip_user_files_dir C:/Users/Bendigeri/Desktop/josh-new-collision/es2e3-collisions/coursework.ip_user_files -ipstatic_source_dir C:/Users/Bendigeri/Desktop/josh-new-collision/es2e3-collisions/coursework.ip_user_files/ipstatic -lib_map_path [list {modelsim=C:/Users/Bendigeri/Desktop/josh-new-collision/es2e3-collisions/coursework.cache/compile_simlib/modelsim} {questa=C:/Users/Bendigeri/Desktop/josh-new-collision/es2e3-collisions/coursework.cache/compile_simlib/questa} {riviera=C:/Users/Bendigeri/Desktop/josh-new-collision/es2e3-collisions/coursework.cache/compile_simlib/riviera} {activehdl=C:/Users/Bendigeri/Desktop/josh-new-collision/es2e3-collisions/coursework.cache/compile_simlib/activehdl}] -use_ip_compiled_libs -force -quiet
reset_run synth_1
INFO: [Project 1-974] Auto Incremental Compile:: New reference dcp wns/whs is less than threshold, current reference dcp will not be replaced
WARNING: [Vivado 12-1017] Problems encountered:
1. Failed to delete one or more files in run directory C:/Users/Bendigeri/Desktop/josh-new-collision/es2e3-collisions/coursework.runs/synth_1

launch_runs impl_1 -to_step write_bitstream -jobs 8
[Wed Dec 27 14:17:22 2023] Launched title_sprite_synth_1, synth_1...
Run output will be captured here:
title_sprite_synth_1: C:/Users/Bendigeri/Desktop/josh-new-collision/es2e3-collisions/coursework.runs/title_sprite_synth_1/runme.log
synth_1: C:/Users/Bendigeri/Desktop/josh-new-collision/es2e3-collisions/coursework.runs/synth_1/runme.log
[Wed Dec 27 14:17:22 2023] Launched impl_1...
Run output will be captured here: C:/Users/Bendigeri/Desktop/josh-new-collision/es2e3-collisions/coursework.runs/impl_1/runme.log
set_property PROBES.FILE {} [get_hw_devices xc7a100t_0]
set_property FULL_PROBES.FILE {} [get_hw_devices xc7a100t_0]
set_property PROGRAM.FILE {C:/Users/Bendigeri/Desktop/josh-new-collision/es2e3-collisions/coursework.runs/impl_1/game_top.bit} [get_hw_devices xc7a100t_0]
program_hw_devices [get_hw_devices xc7a100t_0]
INFO: [Labtools 27-3164] End of startup status: HIGH
refresh_hw_device [lindex [get_hw_devices xc7a100t_0] 0]
INFO: [Labtools 27-1434] Device xc7a100t (JTAG device index = 0) is programmed with a design that has no supported debug core(s) in it.
WARNING: [IP_Flow 19-4067] Ignoring invalid widget type specified checkbox.Providing a default widget
WARNING: [IP_Flow 19-4067] Ignoring invalid widget type specified checkbox.Providing a default widget
can't use empty string as operand of "*"
can't use empty string as operand of "*"
can't use empty string as operand of "*"
can't use empty string as operand of "*"
INFO: [IP_Flow 19-3484] Absolute path of file 'c:/Users/Bendigeri/Downloads/brick.coe' provided. It will be converted relative to IP Instance files '../../../../../../../Downloads/brick.coe'
INFO: [IP_Flow 19-3484] Absolute path of file 'c:/Users/Bendigeri/Downloads/bricks.coe' provided. It will be converted relative to IP Instance files '../../../../../../../Downloads/bricks.coe'
INFO: [IP_Flow 19-3484] Absolute path of file 'c:/Users/Bendigeri/Downloads/brick_sprite.coe' provided. It will be converted relative to IP Instance files '../../../../../../../Downloads/brick_sprite.coe'
create_ip -name blk_mem_gen -vendor xilinx.com -library ip -version 8.4 -module_name brick_sprite
set_property -dict [list \
  CONFIG.Coe_File {C:/Users/Bendigeri/Downloads/brick_sprite.coe} \
  CONFIG.Enable_A {Always_Enabled} \
  CONFIG.Load_Init_File {true} \
  CONFIG.Memory_Type {Single_Port_ROM} \
  CONFIG.Write_Depth_A {2272} \
  CONFIG.Write_Width_A {12} \
] [get_ips brick_sprite]
INFO: [IP_Flow 19-3484] Absolute path of file 'c:/Users/Bendigeri/Downloads/brick_sprite.coe' provided. It will be converted relative to IP Instance files '../../../../../../../Downloads/brick_sprite.coe'
generate_target {instantiation_template} [get_files c:/Users/Bendigeri/Desktop/josh-new-collision/es2e3-collisions/coursework.srcs/sources_1/ip/brick_sprite/brick_sprite.xci]
INFO: [IP_Flow 19-1686] Generating 'Instantiation Template' target for IP 'brick_sprite'...
generate_target all [get_files  c:/Users/Bendigeri/Desktop/josh-new-collision/es2e3-collisions/coursework.srcs/sources_1/ip/brick_sprite/brick_sprite.xci]
INFO: [IP_Flow 19-1686] Generating 'Synthesis' target for IP 'brick_sprite'...
INFO: [IP_Flow 19-1686] Generating 'Simulation' target for IP 'brick_sprite'...
INFO: [IP_Flow 19-1686] Generating 'Miscellaneous' target for IP 'brick_sprite'...
INFO: [IP_Flow 19-1686] Generating 'Change Log' target for IP 'brick_sprite'...
catch { config_ip_cache -export [get_ips -all brick_sprite] }
INFO: [IP_Flow 19-6924] IPCACHE: Running cache check for IP inst: brick_sprite
export_ip_user_files -of_objects [get_files c:/Users/Bendigeri/Desktop/josh-new-collision/es2e3-collisions/coursework.srcs/sources_1/ip/brick_sprite/brick_sprite.xci] -no_script -sync -force -quiet
create_ip_run [get_files -of_objects [get_fileset sources_1] c:/Users/Bendigeri/Desktop/josh-new-collision/es2e3-collisions/coursework.srcs/sources_1/ip/brick_sprite/brick_sprite.xci]
launch_runs brick_sprite_synth_1 -jobs 8
INFO: [IP_Flow 19-6924] IPCACHE: Running cache check for IP inst: brick_sprite
[Wed Dec 27 14:35:08 2023] Launched brick_sprite_synth_1...
Run output will be captured here: C:/Users/Bendigeri/Desktop/josh-new-collision/es2e3-collisions/coursework.runs/brick_sprite_synth_1/runme.log
export_simulation -of_objects [get_files c:/Users/Bendigeri/Desktop/josh-new-collision/es2e3-collisions/coursework.srcs/sources_1/ip/brick_sprite/brick_sprite.xci] -directory C:/Users/Bendigeri/Desktop/josh-new-collision/es2e3-collisions/coursework.ip_user_files/sim_scripts -ip_user_files_dir C:/Users/Bendigeri/Desktop/josh-new-collision/es2e3-collisions/coursework.ip_user_files -ipstatic_source_dir C:/Users/Bendigeri/Desktop/josh-new-collision/es2e3-collisions/coursework.ip_user_files/ipstatic -lib_map_path [list {modelsim=C:/Users/Bendigeri/Desktop/josh-new-collision/es2e3-collisions/coursework.cache/compile_simlib/modelsim} {questa=C:/Users/Bendigeri/Desktop/josh-new-collision/es2e3-collisions/coursework.cache/compile_simlib/questa} {riviera=C:/Users/Bendigeri/Desktop/josh-new-collision/es2e3-collisions/coursework.cache/compile_simlib/riviera} {activehdl=C:/Users/Bendigeri/Desktop/josh-new-collision/es2e3-collisions/coursework.cache/compile_simlib/activehdl}] -use_ip_compiled_libs -force -quiet
close [ open C:/Users/Bendigeri/Desktop/josh-new-collision/es2e3-collisions/coursework.srcs/sources_1/new/seginterface.v w ]
add_files C:/Users/Bendigeri/Desktop/josh-new-collision/es2e3-collisions/coursework.srcs/sources_1/new/seginterface.v
update_compile_order -fileset sources_1
close [ open C:/Users/Bendigeri/Desktop/josh-new-collision/es2e3-collisions/coursework.srcs/sources_1/new/sevenseg.v w ]
add_files C:/Users/Bendigeri/Desktop/josh-new-collision/es2e3-collisions/coursework.srcs/sources_1/new/sevenseg.v
update_compile_order -fileset sources_1
update_compile_order -fileset sources_1
reset_run synth_1
INFO: [Project 1-974] Auto Incremental Compile:: New reference dcp wns/whs is less than threshold, current reference dcp will not be replaced
launch_runs impl_1 -to_step write_bitstream -jobs 8
[Wed Dec 27 14:39:29 2023] Launched synth_1...
Run output will be captured here: C:/Users/Bendigeri/Desktop/josh-new-collision/es2e3-collisions/coursework.runs/synth_1/runme.log
[Wed Dec 27 14:39:29 2023] Launched impl_1...
Run output will be captured here: C:/Users/Bendigeri/Desktop/josh-new-collision/es2e3-collisions/coursework.runs/impl_1/runme.log
reset_run impl_1
reset_run synth_1
launch_runs impl_1 -to_step write_bitstream -jobs 8
[Wed Dec 27 14:45:03 2023] Launched synth_1...
Run output will be captured here: C:/Users/Bendigeri/Desktop/josh-new-collision/es2e3-collisions/coursework.runs/synth_1/runme.log
[Wed Dec 27 14:45:03 2023] Launched impl_1...
Run output will be captured here: C:/Users/Bendigeri/Desktop/josh-new-collision/es2e3-collisions/coursework.runs/impl_1/runme.log
set_property PROBES.FILE {} [get_hw_devices xc7a100t_0]
set_property FULL_PROBES.FILE {} [get_hw_devices xc7a100t_0]
set_property PROGRAM.FILE {C:/Users/Bendigeri/Desktop/josh-new-collision/es2e3-collisions/coursework.runs/impl_1/game_top.bit} [get_hw_devices xc7a100t_0]
program_hw_devices [get_hw_devices xc7a100t_0]
INFO: [Labtools 27-3164] End of startup status: HIGH
refresh_hw_device [lindex [get_hw_devices xc7a100t_0] 0]
INFO: [Labtools 27-1434] Device xc7a100t (JTAG device index = 0) is programmed with a design that has no supported debug core(s) in it.
set_property PROBES.FILE {} [get_hw_devices xc7a100t_0]
set_property FULL_PROBES.FILE {} [get_hw_devices xc7a100t_0]
set_property PROGRAM.FILE {C:/Users/Bendigeri/Desktop/josh-new-collision/es2e3-collisions/coursework.runs/impl_1/game_top.bit} [get_hw_devices xc7a100t_0]
program_hw_devices [get_hw_devices xc7a100t_0]
INFO: [Labtools 27-3164] End of startup status: HIGH
refresh_hw_device [lindex [get_hw_devices xc7a100t_0] 0]
INFO: [Labtools 27-1434] Device xc7a100t (JTAG device index = 0) is programmed with a design that has no supported debug core(s) in it.
set_property PROBES.FILE {} [get_hw_devices xc7a100t_0]
set_property FULL_PROBES.FILE {} [get_hw_devices xc7a100t_0]
set_property PROGRAM.FILE {C:/Users/Bendigeri/Desktop/josh-new-collision/es2e3-collisions/coursework.runs/impl_1/game_top.bit} [get_hw_devices xc7a100t_0]
program_hw_devices [get_hw_devices xc7a100t_0]
INFO: [Labtools 27-3164] End of startup status: HIGH
refresh_hw_device [lindex [get_hw_devices xc7a100t_0] 0]
INFO: [Labtools 27-1434] Device xc7a100t (JTAG device index = 0) is programmed with a design that has no supported debug core(s) in it.
ERROR: [Labtoolstcl 44-513] HW Target shutdown. Closing target: localhost:3121/xilinx_tcf/Digilent/210292AE3B3CA
reset_run synth_1
INFO: [Project 1-974] Auto Incremental Compile:: New reference dcp wns/whs is less than threshold, current reference dcp will not be replaced
launch_runs impl_1 -to_step write_bitstream -jobs 8
[Wed Dec 27 18:10:00 2023] Launched synth_1...
Run output will be captured here: C:/Users/Bendigeri/Desktop/josh-new-collision/es2e3-collisions/coursework.runs/synth_1/runme.log
[Wed Dec 27 18:10:00 2023] Launched impl_1...
Run output will be captured here: C:/Users/Bendigeri/Desktop/josh-new-collision/es2e3-collisions/coursework.runs/impl_1/runme.log
INFO: [Labtoolstcl 44-466] Opening hw_target localhost:3121/xilinx_tcf/Digilent/210292AE3B3CA
INFO: [Labtools 27-1435] Device xc7a100t (JTAG device index = 0) is not programmed (DONE status = 0).
WARNING: [Labtoolstcl 44-129] No matching hw_ila_data was found.
set_property PROBES.FILE {} [get_hw_devices xc7a100t_0]
set_property FULL_PROBES.FILE {} [get_hw_devices xc7a100t_0]
set_property PROGRAM.FILE {C:/Users/Bendigeri/Desktop/josh-new-collision/es2e3-collisions/coursework.runs/impl_1/game_top.bit} [get_hw_devices xc7a100t_0]
program_hw_devices [get_hw_devices xc7a100t_0]
INFO: [Labtools 27-3164] End of startup status: HIGH
refresh_hw_device [lindex [get_hw_devices xc7a100t_0] 0]
INFO: [Labtools 27-1434] Device xc7a100t (JTAG device index = 0) is programmed with a design that has no supported debug core(s) in it.
reset_run impl_1 -prev_step 
INFO: [Project 1-974] Auto Incremental Compile:: New reference dcp wns/whs is less than threshold, current reference dcp will not be replaced
launch_runs impl_1 -to_step write_bitstream -jobs 8
WARNING: [Vivado 12-872] Run step 'Design Initialization' is out-of-date.
[Wed Dec 27 18:16:30 2023] Launched impl_1...
Run output will be captured here: C:/Users/Bendigeri/Desktop/josh-new-collision/es2e3-collisions/coursework.runs/impl_1/runme.log
set_property PROBES.FILE {} [get_hw_devices xc7a100t_0]
set_property FULL_PROBES.FILE {} [get_hw_devices xc7a100t_0]
set_property PROGRAM.FILE {C:/Users/Bendigeri/Desktop/josh-new-collision/es2e3-collisions/coursework.runs/impl_1/game_top.bit} [get_hw_devices xc7a100t_0]
program_hw_devices [get_hw_devices xc7a100t_0]
INFO: [Labtools 27-3164] End of startup status: HIGH
refresh_hw_device [lindex [get_hw_devices xc7a100t_0] 0]
INFO: [Labtools 27-1434] Device xc7a100t (JTAG device index = 0) is programmed with a design that has no supported debug core(s) in it.
reset_run synth_1
INFO: [Project 1-974] Auto Incremental Compile:: New reference dcp wns/whs is less than threshold, current reference dcp will not be replaced
launch_runs impl_1 -to_step write_bitstream -jobs 8
[Wed Dec 27 18:18:31 2023] Launched synth_1...
Run output will be captured here: C:/Users/Bendigeri/Desktop/josh-new-collision/es2e3-collisions/coursework.runs/synth_1/runme.log
[Wed Dec 27 18:18:31 2023] Launched impl_1...
Run output will be captured here: C:/Users/Bendigeri/Desktop/josh-new-collision/es2e3-collisions/coursework.runs/impl_1/runme.log
set_property PROBES.FILE {} [get_hw_devices xc7a100t_0]
set_property FULL_PROBES.FILE {} [get_hw_devices xc7a100t_0]
set_property PROGRAM.FILE {C:/Users/Bendigeri/Desktop/josh-new-collision/es2e3-collisions/coursework.runs/impl_1/game_top.bit} [get_hw_devices xc7a100t_0]
program_hw_devices [get_hw_devices xc7a100t_0]
INFO: [Labtools 27-3164] End of startup status: HIGH
refresh_hw_device [lindex [get_hw_devices xc7a100t_0] 0]
INFO: [Labtools 27-1434] Device xc7a100t (JTAG device index = 0) is programmed with a design that has no supported debug core(s) in it.
reset_run synth_1
INFO: [Project 1-974] Auto Incremental Compile:: New reference dcp wns/whs is less than threshold, current reference dcp will not be replaced
launch_runs impl_1 -to_step write_bitstream -jobs 8
[Wed Dec 27 18:27:15 2023] Launched synth_1...
Run output will be captured here: C:/Users/Bendigeri/Desktop/josh-new-collision/es2e3-collisions/coursework.runs/synth_1/runme.log
[Wed Dec 27 18:27:15 2023] Launched impl_1...
Run output will be captured here: C:/Users/Bendigeri/Desktop/josh-new-collision/es2e3-collisions/coursework.runs/impl_1/runme.log
set_property PROBES.FILE {} [get_hw_devices xc7a100t_0]
set_property FULL_PROBES.FILE {} [get_hw_devices xc7a100t_0]
set_property PROGRAM.FILE {C:/Users/Bendigeri/Desktop/josh-new-collision/es2e3-collisions/coursework.runs/impl_1/game_top.bit} [get_hw_devices xc7a100t_0]
program_hw_devices [get_hw_devices xc7a100t_0]
INFO: [Labtools 27-3164] End of startup status: HIGH
refresh_hw_device [lindex [get_hw_devices xc7a100t_0] 0]
INFO: [Labtools 27-1434] Device xc7a100t (JTAG device index = 0) is programmed with a design that has no supported debug core(s) in it.
reset_run synth_1
INFO: [Project 1-974] Auto Incremental Compile:: New reference dcp wns/whs is less than threshold, current reference dcp will not be replaced
launch_runs impl_1 -to_step write_bitstream -jobs 8
[Wed Dec 27 18:34:50 2023] Launched synth_1...
Run output will be captured here: C:/Users/Bendigeri/Desktop/josh-new-collision/es2e3-collisions/coursework.runs/synth_1/runme.log
[Wed Dec 27 18:34:50 2023] Launched impl_1...
Run output will be captured here: C:/Users/Bendigeri/Desktop/josh-new-collision/es2e3-collisions/coursework.runs/impl_1/runme.log
reset_run synth_1
launch_runs impl_1 -to_step write_bitstream -jobs 8
[Wed Dec 27 18:38:01 2023] Launched synth_1...
Run output will be captured here: C:/Users/Bendigeri/Desktop/josh-new-collision/es2e3-collisions/coursework.runs/synth_1/runme.log
[Wed Dec 27 18:38:01 2023] Launched impl_1...
Run output will be captured here: C:/Users/Bendigeri/Desktop/josh-new-collision/es2e3-collisions/coursework.runs/impl_1/runme.log
reset_run synth_1
launch_runs impl_1 -to_step write_bitstream -jobs 8
[Wed Dec 27 18:39:07 2023] Launched synth_1...
Run output will be captured here: C:/Users/Bendigeri/Desktop/josh-new-collision/es2e3-collisions/coursework.runs/synth_1/runme.log
[Wed Dec 27 18:39:07 2023] Launched impl_1...
Run output will be captured here: C:/Users/Bendigeri/Desktop/josh-new-collision/es2e3-collisions/coursework.runs/impl_1/runme.log
set_property PROBES.FILE {} [get_hw_devices xc7a100t_0]
set_property FULL_PROBES.FILE {} [get_hw_devices xc7a100t_0]
set_property PROGRAM.FILE {C:/Users/Bendigeri/Desktop/josh-new-collision/es2e3-collisions/coursework.runs/impl_1/game_top.bit} [get_hw_devices xc7a100t_0]
program_hw_devices [get_hw_devices xc7a100t_0]
INFO: [Labtools 27-3164] End of startup status: HIGH
refresh_hw_device [lindex [get_hw_devices xc7a100t_0] 0]
INFO: [Labtools 27-1434] Device xc7a100t (JTAG device index = 0) is programmed with a design that has no supported debug core(s) in it.
reset_run synth_1
INFO: [Project 1-974] Auto Incremental Compile:: New reference dcp wns/whs is less than threshold, current reference dcp will not be replaced
launch_runs impl_1 -to_step write_bitstream -jobs 8
[Wed Dec 27 18:48:26 2023] Launched synth_1...
Run output will be captured here: C:/Users/Bendigeri/Desktop/josh-new-collision/es2e3-collisions/coursework.runs/synth_1/runme.log
[Wed Dec 27 18:48:26 2023] Launched impl_1...
Run output will be captured here: C:/Users/Bendigeri/Desktop/josh-new-collision/es2e3-collisions/coursework.runs/impl_1/runme.log
set_property PROBES.FILE {} [get_hw_devices xc7a100t_0]
set_property FULL_PROBES.FILE {} [get_hw_devices xc7a100t_0]
set_property PROGRAM.FILE {C:/Users/Bendigeri/Desktop/josh-new-collision/es2e3-collisions/coursework.runs/impl_1/game_top.bit} [get_hw_devices xc7a100t_0]
program_hw_devices [get_hw_devices xc7a100t_0]
INFO: [Labtools 27-3164] End of startup status: HIGH
refresh_hw_device [lindex [get_hw_devices xc7a100t_0] 0]
INFO: [Labtools 27-1434] Device xc7a100t (JTAG device index = 0) is programmed with a design that has no supported debug core(s) in it.
reset_run synth_1
INFO: [Project 1-974] Auto Incremental Compile:: New reference dcp wns/whs is less than threshold, current reference dcp will not be replaced
launch_runs impl_1 -to_step write_bitstream -jobs 8
[Wed Dec 27 18:58:05 2023] Launched synth_1...
Run output will be captured here: C:/Users/Bendigeri/Desktop/josh-new-collision/es2e3-collisions/coursework.runs/synth_1/runme.log
[Wed Dec 27 18:58:05 2023] Launched impl_1...
Run output will be captured here: C:/Users/Bendigeri/Desktop/josh-new-collision/es2e3-collisions/coursework.runs/impl_1/runme.log
set_property PROBES.FILE {} [get_hw_devices xc7a100t_0]
set_property FULL_PROBES.FILE {} [get_hw_devices xc7a100t_0]
set_property PROGRAM.FILE {C:/Users/Bendigeri/Desktop/josh-new-collision/es2e3-collisions/coursework.runs/impl_1/game_top.bit} [get_hw_devices xc7a100t_0]
program_hw_devices [get_hw_devices xc7a100t_0]
INFO: [Labtools 27-3164] End of startup status: HIGH
refresh_hw_device [lindex [get_hw_devices xc7a100t_0] 0]
INFO: [Labtools 27-1434] Device xc7a100t (JTAG device index = 0) is programmed with a design that has no supported debug core(s) in it.
reset_run synth_1
INFO: [Project 1-974] Auto Incremental Compile:: New reference dcp wns/whs is less than threshold, current reference dcp will not be replaced
launch_runs impl_1 -to_step write_bitstream -jobs 8
[Wed Dec 27 19:05:48 2023] Launched synth_1...
Run output will be captured here: C:/Users/Bendigeri/Desktop/josh-new-collision/es2e3-collisions/coursework.runs/synth_1/runme.log
[Wed Dec 27 19:05:48 2023] Launched impl_1...
Run output will be captured here: C:/Users/Bendigeri/Desktop/josh-new-collision/es2e3-collisions/coursework.runs/impl_1/runme.log
set_property PROBES.FILE {} [get_hw_devices xc7a100t_0]
set_property FULL_PROBES.FILE {} [get_hw_devices xc7a100t_0]
set_property PROGRAM.FILE {C:/Users/Bendigeri/Desktop/josh-new-collision/es2e3-collisions/coursework.runs/impl_1/game_top.bit} [get_hw_devices xc7a100t_0]
program_hw_devices [get_hw_devices xc7a100t_0]
INFO: [Labtools 27-3164] End of startup status: HIGH
refresh_hw_device [lindex [get_hw_devices xc7a100t_0] 0]
INFO: [Labtools 27-1434] Device xc7a100t (JTAG device index = 0) is programmed with a design that has no supported debug core(s) in it.
reset_run synth_1
INFO: [Project 1-974] Auto Incremental Compile:: New reference dcp wns/whs is less than threshold, current reference dcp will not be replaced
launch_runs impl_1 -to_step write_bitstream -jobs 8
[Wed Dec 27 19:11:14 2023] Launched synth_1...
Run output will be captured here: C:/Users/Bendigeri/Desktop/josh-new-collision/es2e3-collisions/coursework.runs/synth_1/runme.log
[Wed Dec 27 19:11:14 2023] Launched impl_1...
Run output will be captured here: C:/Users/Bendigeri/Desktop/josh-new-collision/es2e3-collisions/coursework.runs/impl_1/runme.log
set_property PROBES.FILE {} [get_hw_devices xc7a100t_0]
set_property FULL_PROBES.FILE {} [get_hw_devices xc7a100t_0]
set_property PROGRAM.FILE {C:/Users/Bendigeri/Desktop/josh-new-collision/es2e3-collisions/coursework.runs/impl_1/game_top.bit} [get_hw_devices xc7a100t_0]
program_hw_devices [get_hw_devices xc7a100t_0]
INFO: [Labtools 27-3164] End of startup status: HIGH
refresh_hw_device [lindex [get_hw_devices xc7a100t_0] 0]
INFO: [Labtools 27-1434] Device xc7a100t (JTAG device index = 0) is programmed with a design that has no supported debug core(s) in it.
reset_run synth_1
INFO: [Project 1-974] Auto Incremental Compile:: New reference dcp wns/whs is less than threshold, current reference dcp will not be replaced
launch_runs impl_1 -to_step write_bitstream -jobs 8
[Wed Dec 27 19:17:28 2023] Launched synth_1...
Run output will be captured here: C:/Users/Bendigeri/Desktop/josh-new-collision/es2e3-collisions/coursework.runs/synth_1/runme.log
[Wed Dec 27 19:17:28 2023] Launched impl_1...
Run output will be captured here: C:/Users/Bendigeri/Desktop/josh-new-collision/es2e3-collisions/coursework.runs/impl_1/runme.log
set_property PROBES.FILE {} [get_hw_devices xc7a100t_0]
set_property FULL_PROBES.FILE {} [get_hw_devices xc7a100t_0]
set_property PROGRAM.FILE {C:/Users/Bendigeri/Desktop/josh-new-collision/es2e3-collisions/coursework.runs/impl_1/game_top.bit} [get_hw_devices xc7a100t_0]
program_hw_devices [get_hw_devices xc7a100t_0]
INFO: [Labtools 27-3164] End of startup status: HIGH
refresh_hw_device [lindex [get_hw_devices xc7a100t_0] 0]
INFO: [Labtools 27-1434] Device xc7a100t (JTAG device index = 0) is programmed with a design that has no supported debug core(s) in it.
reset_run synth_1
INFO: [Project 1-974] Auto Incremental Compile:: New reference dcp wns/whs is less than threshold, current reference dcp will not be replaced
launch_runs impl_1 -to_step write_bitstream -jobs 8
[Wed Dec 27 19:23:23 2023] Launched synth_1...
Run output will be captured here: C:/Users/Bendigeri/Desktop/josh-new-collision/es2e3-collisions/coursework.runs/synth_1/runme.log
[Wed Dec 27 19:23:23 2023] Launched impl_1...
Run output will be captured here: C:/Users/Bendigeri/Desktop/josh-new-collision/es2e3-collisions/coursework.runs/impl_1/runme.log
set_property PROBES.FILE {} [get_hw_devices xc7a100t_0]
set_property FULL_PROBES.FILE {} [get_hw_devices xc7a100t_0]
set_property PROGRAM.FILE {C:/Users/Bendigeri/Desktop/josh-new-collision/es2e3-collisions/coursework.runs/impl_1/game_top.bit} [get_hw_devices xc7a100t_0]
program_hw_devices [get_hw_devices xc7a100t_0]
INFO: [Labtools 27-3164] End of startup status: HIGH
refresh_hw_device [lindex [get_hw_devices xc7a100t_0] 0]
INFO: [Labtools 27-1434] Device xc7a100t (JTAG device index = 0) is programmed with a design that has no supported debug core(s) in it.
reset_run synth_1
INFO: [Project 1-974] Auto Incremental Compile:: New reference dcp wns/whs is less than threshold, current reference dcp will not be replaced
launch_runs impl_1 -to_step write_bitstream -jobs 8
[Wed Dec 27 19:31:19 2023] Launched synth_1...
Run output will be captured here: C:/Users/Bendigeri/Desktop/josh-new-collision/es2e3-collisions/coursework.runs/synth_1/runme.log
[Wed Dec 27 19:31:19 2023] Launched impl_1...
Run output will be captured here: C:/Users/Bendigeri/Desktop/josh-new-collision/es2e3-collisions/coursework.runs/impl_1/runme.log
set_property PROBES.FILE {} [get_hw_devices xc7a100t_0]
set_property FULL_PROBES.FILE {} [get_hw_devices xc7a100t_0]
set_property PROGRAM.FILE {C:/Users/Bendigeri/Desktop/josh-new-collision/es2e3-collisions/coursework.runs/impl_1/game_top.bit} [get_hw_devices xc7a100t_0]
program_hw_devices [get_hw_devices xc7a100t_0]
INFO: [Labtools 27-3164] End of startup status: HIGH
refresh_hw_device [lindex [get_hw_devices xc7a100t_0] 0]
INFO: [Labtools 27-1434] Device xc7a100t (JTAG device index = 0) is programmed with a design that has no supported debug core(s) in it.
reset_run synth_1
INFO: [Project 1-974] Auto Incremental Compile:: New reference dcp wns/whs is less than threshold, current reference dcp will not be replaced
launch_runs impl_1 -to_step write_bitstream -jobs 8
[Wed Dec 27 19:39:29 2023] Launched synth_1...
Run output will be captured here: C:/Users/Bendigeri/Desktop/josh-new-collision/es2e3-collisions/coursework.runs/synth_1/runme.log
[Wed Dec 27 19:39:29 2023] Launched impl_1...
Run output will be captured here: C:/Users/Bendigeri/Desktop/josh-new-collision/es2e3-collisions/coursework.runs/impl_1/runme.log
set_property PROBES.FILE {} [get_hw_devices xc7a100t_0]
set_property FULL_PROBES.FILE {} [get_hw_devices xc7a100t_0]
set_property PROGRAM.FILE {C:/Users/Bendigeri/Desktop/josh-new-collision/es2e3-collisions/coursework.runs/impl_1/game_top.bit} [get_hw_devices xc7a100t_0]
program_hw_devices [get_hw_devices xc7a100t_0]
INFO: [Labtools 27-3164] End of startup status: HIGH
refresh_hw_device [lindex [get_hw_devices xc7a100t_0] 0]
INFO: [Labtools 27-1434] Device xc7a100t (JTAG device index = 0) is programmed with a design that has no supported debug core(s) in it.
reset_run synth_1
INFO: [Project 1-974] Auto Incremental Compile:: New reference dcp wns/whs is less than threshold, current reference dcp will not be replaced
launch_runs impl_1 -to_step write_bitstream -jobs 8
[Wed Dec 27 19:51:35 2023] Launched synth_1...
Run output will be captured here: C:/Users/Bendigeri/Desktop/josh-new-collision/es2e3-collisions/coursework.runs/synth_1/runme.log
[Wed Dec 27 19:51:35 2023] Launched impl_1...
Run output will be captured here: C:/Users/Bendigeri/Desktop/josh-new-collision/es2e3-collisions/coursework.runs/impl_1/runme.log
set_property PROBES.FILE {} [get_hw_devices xc7a100t_0]
set_property FULL_PROBES.FILE {} [get_hw_devices xc7a100t_0]
set_property PROGRAM.FILE {C:/Users/Bendigeri/Desktop/josh-new-collision/es2e3-collisions/coursework.runs/impl_1/game_top.bit} [get_hw_devices xc7a100t_0]
program_hw_devices [get_hw_devices xc7a100t_0]
INFO: [Labtools 27-3164] End of startup status: HIGH
refresh_hw_device [lindex [get_hw_devices xc7a100t_0] 0]
INFO: [Labtools 27-1434] Device xc7a100t (JTAG device index = 0) is programmed with a design that has no supported debug core(s) in it.
reset_run synth_1
INFO: [Project 1-974] Auto Incremental Compile:: New reference dcp wns/whs is less than threshold, current reference dcp will not be replaced
launch_runs impl_1 -to_step write_bitstream -jobs 8
[Wed Dec 27 19:57:50 2023] Launched synth_1...
Run output will be captured here: C:/Users/Bendigeri/Desktop/josh-new-collision/es2e3-collisions/coursework.runs/synth_1/runme.log
[Wed Dec 27 19:57:50 2023] Launched impl_1...
Run output will be captured here: C:/Users/Bendigeri/Desktop/josh-new-collision/es2e3-collisions/coursework.runs/impl_1/runme.log
set_property PROBES.FILE {} [get_hw_devices xc7a100t_0]
set_property FULL_PROBES.FILE {} [get_hw_devices xc7a100t_0]
set_property PROGRAM.FILE {C:/Users/Bendigeri/Desktop/josh-new-collision/es2e3-collisions/coursework.runs/impl_1/game_top.bit} [get_hw_devices xc7a100t_0]
program_hw_devices [get_hw_devices xc7a100t_0]
INFO: [Labtools 27-3164] End of startup status: HIGH
refresh_hw_device [lindex [get_hw_devices xc7a100t_0] 0]
INFO: [Labtools 27-1434] Device xc7a100t (JTAG device index = 0) is programmed with a design that has no supported debug core(s) in it.
reset_run synth_1
INFO: [Project 1-974] Auto Incremental Compile:: New reference dcp wns/whs is less than threshold, current reference dcp will not be replaced
launch_runs impl_1 -to_step write_bitstream -jobs 8
[Wed Dec 27 20:10:05 2023] Launched synth_1...
Run output will be captured here: C:/Users/Bendigeri/Desktop/josh-new-collision/es2e3-collisions/coursework.runs/synth_1/runme.log
[Wed Dec 27 20:10:05 2023] Launched impl_1...
Run output will be captured here: C:/Users/Bendigeri/Desktop/josh-new-collision/es2e3-collisions/coursework.runs/impl_1/runme.log
set_property PROBES.FILE {} [get_hw_devices xc7a100t_0]
set_property FULL_PROBES.FILE {} [get_hw_devices xc7a100t_0]
set_property PROGRAM.FILE {C:/Users/Bendigeri/Desktop/josh-new-collision/es2e3-collisions/coursework.runs/impl_1/game_top.bit} [get_hw_devices xc7a100t_0]
program_hw_devices [get_hw_devices xc7a100t_0]
INFO: [Labtools 27-3164] End of startup status: HIGH
refresh_hw_device [lindex [get_hw_devices xc7a100t_0] 0]
INFO: [Labtools 27-1434] Device xc7a100t (JTAG device index = 0) is programmed with a design that has no supported debug core(s) in it.
reset_run synth_1
INFO: [Project 1-974] Auto Incremental Compile:: New reference dcp wns/whs is less than threshold, current reference dcp will not be replaced
launch_runs impl_1 -to_step write_bitstream -jobs 8
[Wed Dec 27 20:18:06 2023] Launched synth_1...
Run output will be captured here: C:/Users/Bendigeri/Desktop/josh-new-collision/es2e3-collisions/coursework.runs/synth_1/runme.log
[Wed Dec 27 20:18:06 2023] Launched impl_1...
Run output will be captured here: C:/Users/Bendigeri/Desktop/josh-new-collision/es2e3-collisions/coursework.runs/impl_1/runme.log
set_property PROBES.FILE {} [get_hw_devices xc7a100t_0]
set_property FULL_PROBES.FILE {} [get_hw_devices xc7a100t_0]
set_property PROGRAM.FILE {C:/Users/Bendigeri/Desktop/josh-new-collision/es2e3-collisions/coursework.runs/impl_1/game_top.bit} [get_hw_devices xc7a100t_0]
program_hw_devices [get_hw_devices xc7a100t_0]
INFO: [Labtools 27-3164] End of startup status: HIGH
refresh_hw_device [lindex [get_hw_devices xc7a100t_0] 0]
INFO: [Labtools 27-1434] Device xc7a100t (JTAG device index = 0) is programmed with a design that has no supported debug core(s) in it.
reset_run synth_1
INFO: [Project 1-974] Auto Incremental Compile:: New reference dcp wns/whs is less than threshold, current reference dcp will not be replaced
launch_runs impl_1 -to_step write_bitstream -jobs 8
[Wed Dec 27 20:27:20 2023] Launched synth_1...
Run output will be captured here: C:/Users/Bendigeri/Desktop/josh-new-collision/es2e3-collisions/coursework.runs/synth_1/runme.log
[Wed Dec 27 20:27:20 2023] Launched impl_1...
Run output will be captured here: C:/Users/Bendigeri/Desktop/josh-new-collision/es2e3-collisions/coursework.runs/impl_1/runme.log
set_property PROBES.FILE {} [get_hw_devices xc7a100t_0]
set_property FULL_PROBES.FILE {} [get_hw_devices xc7a100t_0]
set_property PROGRAM.FILE {C:/Users/Bendigeri/Desktop/josh-new-collision/es2e3-collisions/coursework.runs/impl_1/game_top.bit} [get_hw_devices xc7a100t_0]
program_hw_devices [get_hw_devices xc7a100t_0]
INFO: [Labtools 27-3164] End of startup status: HIGH
refresh_hw_device [lindex [get_hw_devices xc7a100t_0] 0]
INFO: [Labtools 27-1434] Device xc7a100t (JTAG device index = 0) is programmed with a design that has no supported debug core(s) in it.
reset_run synth_1
INFO: [Project 1-974] Auto Incremental Compile:: New reference dcp wns/whs is less than threshold, current reference dcp will not be replaced
launch_runs impl_1 -to_step write_bitstream -jobs 8
[Wed Dec 27 20:32:54 2023] Launched synth_1...
Run output will be captured here: C:/Users/Bendigeri/Desktop/josh-new-collision/es2e3-collisions/coursework.runs/synth_1/runme.log
[Wed Dec 27 20:32:54 2023] Launched impl_1...
Run output will be captured here: C:/Users/Bendigeri/Desktop/josh-new-collision/es2e3-collisions/coursework.runs/impl_1/runme.log
set_property PROBES.FILE {} [get_hw_devices xc7a100t_0]
set_property FULL_PROBES.FILE {} [get_hw_devices xc7a100t_0]
set_property PROGRAM.FILE {C:/Users/Bendigeri/Desktop/josh-new-collision/es2e3-collisions/coursework.runs/impl_1/game_top.bit} [get_hw_devices xc7a100t_0]
program_hw_devices [get_hw_devices xc7a100t_0]
INFO: [Labtools 27-3164] End of startup status: HIGH
refresh_hw_device [lindex [get_hw_devices xc7a100t_0] 0]
INFO: [Labtools 27-1434] Device xc7a100t (JTAG device index = 0) is programmed with a design that has no supported debug core(s) in it.
reset_run synth_1
INFO: [Project 1-974] Auto Incremental Compile:: New reference dcp wns/whs is less than threshold, current reference dcp will not be replaced
launch_runs impl_1 -to_step write_bitstream -jobs 8
[Wed Dec 27 20:40:37 2023] Launched synth_1...
Run output will be captured here: C:/Users/Bendigeri/Desktop/josh-new-collision/es2e3-collisions/coursework.runs/synth_1/runme.log
[Wed Dec 27 20:40:37 2023] Launched impl_1...
Run output will be captured here: C:/Users/Bendigeri/Desktop/josh-new-collision/es2e3-collisions/coursework.runs/impl_1/runme.log
set_property PROBES.FILE {} [get_hw_devices xc7a100t_0]
set_property FULL_PROBES.FILE {} [get_hw_devices xc7a100t_0]
set_property PROGRAM.FILE {C:/Users/Bendigeri/Desktop/josh-new-collision/es2e3-collisions/coursework.runs/impl_1/game_top.bit} [get_hw_devices xc7a100t_0]
program_hw_devices [get_hw_devices xc7a100t_0]
INFO: [Labtools 27-3164] End of startup status: HIGH
refresh_hw_device [lindex [get_hw_devices xc7a100t_0] 0]
INFO: [Labtools 27-1434] Device xc7a100t (JTAG device index = 0) is programmed with a design that has no supported debug core(s) in it.
reset_run synth_1
INFO: [Project 1-974] Auto Incremental Compile:: New reference dcp wns/whs is less than threshold, current reference dcp will not be replaced
launch_runs impl_1 -to_step write_bitstream -jobs 8
[Wed Dec 27 20:47:37 2023] Launched synth_1...
Run output will be captured here: C:/Users/Bendigeri/Desktop/josh-new-collision/es2e3-collisions/coursework.runs/synth_1/runme.log
[Wed Dec 27 20:47:37 2023] Launched impl_1...
Run output will be captured here: C:/Users/Bendigeri/Desktop/josh-new-collision/es2e3-collisions/coursework.runs/impl_1/runme.log
set_property PROBES.FILE {} [get_hw_devices xc7a100t_0]
set_property FULL_PROBES.FILE {} [get_hw_devices xc7a100t_0]
set_property PROGRAM.FILE {C:/Users/Bendigeri/Desktop/josh-new-collision/es2e3-collisions/coursework.runs/impl_1/game_top.bit} [get_hw_devices xc7a100t_0]
program_hw_devices [get_hw_devices xc7a100t_0]
INFO: [Labtools 27-3164] End of startup status: HIGH
refresh_hw_device [lindex [get_hw_devices xc7a100t_0] 0]
INFO: [Labtools 27-1434] Device xc7a100t (JTAG device index = 0) is programmed with a design that has no supported debug core(s) in it.
reset_run synth_1
INFO: [Project 1-974] Auto Incremental Compile:: New reference dcp wns/whs is less than threshold, current reference dcp will not be replaced
launch_runs impl_1 -to_step write_bitstream -jobs 8
[Wed Dec 27 20:53:13 2023] Launched synth_1...
Run output will be captured here: C:/Users/Bendigeri/Desktop/josh-new-collision/es2e3-collisions/coursework.runs/synth_1/runme.log
[Wed Dec 27 20:53:13 2023] Launched impl_1...
Run output will be captured here: C:/Users/Bendigeri/Desktop/josh-new-collision/es2e3-collisions/coursework.runs/impl_1/runme.log
set_property PROBES.FILE {} [get_hw_devices xc7a100t_0]
set_property FULL_PROBES.FILE {} [get_hw_devices xc7a100t_0]
set_property PROGRAM.FILE {C:/Users/Bendigeri/Desktop/josh-new-collision/es2e3-collisions/coursework.runs/impl_1/game_top.bit} [get_hw_devices xc7a100t_0]
program_hw_devices [get_hw_devices xc7a100t_0]
INFO: [Labtools 27-3164] End of startup status: HIGH
refresh_hw_device [lindex [get_hw_devices xc7a100t_0] 0]
INFO: [Labtools 27-1434] Device xc7a100t (JTAG device index = 0) is programmed with a design that has no supported debug core(s) in it.
reset_run synth_1
INFO: [Project 1-974] Auto Incremental Compile:: New reference dcp wns/whs is less than threshold, current reference dcp will not be replaced
launch_runs impl_1 -to_step write_bitstream -jobs 8
[Wed Dec 27 20:59:03 2023] Launched synth_1...
Run output will be captured here: C:/Users/Bendigeri/Desktop/josh-new-collision/es2e3-collisions/coursework.runs/synth_1/runme.log
[Wed Dec 27 20:59:03 2023] Launched impl_1...
Run output will be captured here: C:/Users/Bendigeri/Desktop/josh-new-collision/es2e3-collisions/coursework.runs/impl_1/runme.log
set_property PROBES.FILE {} [get_hw_devices xc7a100t_0]
set_property FULL_PROBES.FILE {} [get_hw_devices xc7a100t_0]
set_property PROGRAM.FILE {C:/Users/Bendigeri/Desktop/josh-new-collision/es2e3-collisions/coursework.runs/impl_1/game_top.bit} [get_hw_devices xc7a100t_0]
program_hw_devices [get_hw_devices xc7a100t_0]
INFO: [Labtools 27-3164] End of startup status: HIGH
refresh_hw_device [lindex [get_hw_devices xc7a100t_0] 0]
INFO: [Labtools 27-1434] Device xc7a100t (JTAG device index = 0) is programmed with a design that has no supported debug core(s) in it.
reset_run synth_1
INFO: [Project 1-974] Auto Incremental Compile:: New reference dcp wns/whs is less than threshold, current reference dcp will not be replaced
launch_runs impl_1 -to_step write_bitstream -jobs 8
[Wed Dec 27 21:08:24 2023] Launched synth_1...
Run output will be captured here: C:/Users/Bendigeri/Desktop/josh-new-collision/es2e3-collisions/coursework.runs/synth_1/runme.log
[Wed Dec 27 21:08:24 2023] Launched impl_1...
Run output will be captured here: C:/Users/Bendigeri/Desktop/josh-new-collision/es2e3-collisions/coursework.runs/impl_1/runme.log
set_property PROBES.FILE {} [get_hw_devices xc7a100t_0]
set_property FULL_PROBES.FILE {} [get_hw_devices xc7a100t_0]
set_property PROGRAM.FILE {C:/Users/Bendigeri/Desktop/josh-new-collision/es2e3-collisions/coursework.runs/impl_1/game_top.bit} [get_hw_devices xc7a100t_0]
program_hw_devices [get_hw_devices xc7a100t_0]
INFO: [Labtools 27-3164] End of startup status: HIGH
refresh_hw_device [lindex [get_hw_devices xc7a100t_0] 0]
INFO: [Labtools 27-1434] Device xc7a100t (JTAG device index = 0) is programmed with a design that has no supported debug core(s) in it.
reset_run synth_1
INFO: [Project 1-974] Auto Incremental Compile:: New reference dcp wns/whs is less than threshold, current reference dcp will not be replaced
launch_runs impl_1 -to_step write_bitstream -jobs 8
[Wed Dec 27 21:20:25 2023] Launched synth_1...
Run output will be captured here: C:/Users/Bendigeri/Desktop/josh-new-collision/es2e3-collisions/coursework.runs/synth_1/runme.log
[Wed Dec 27 21:20:25 2023] Launched impl_1...
Run output will be captured here: C:/Users/Bendigeri/Desktop/josh-new-collision/es2e3-collisions/coursework.runs/impl_1/runme.log
set_property PROBES.FILE {} [get_hw_devices xc7a100t_0]
set_property FULL_PROBES.FILE {} [get_hw_devices xc7a100t_0]
set_property PROGRAM.FILE {C:/Users/Bendigeri/Desktop/josh-new-collision/es2e3-collisions/coursework.runs/impl_1/game_top.bit} [get_hw_devices xc7a100t_0]
program_hw_devices [get_hw_devices xc7a100t_0]
INFO: [Labtools 27-3164] End of startup status: HIGH
refresh_hw_device [lindex [get_hw_devices xc7a100t_0] 0]
INFO: [Labtools 27-1434] Device xc7a100t (JTAG device index = 0) is programmed with a design that has no supported debug core(s) in it.
reset_run synth_1
INFO: [Project 1-974] Auto Incremental Compile:: New reference dcp wns/whs is less than threshold, current reference dcp will not be replaced
launch_runs impl_1 -to_step write_bitstream -jobs 8
[Wed Dec 27 21:27:52 2023] Launched synth_1...
Run output will be captured here: C:/Users/Bendigeri/Desktop/josh-new-collision/es2e3-collisions/coursework.runs/synth_1/runme.log
[Wed Dec 27 21:27:52 2023] Launched impl_1...
Run output will be captured here: C:/Users/Bendigeri/Desktop/josh-new-collision/es2e3-collisions/coursework.runs/impl_1/runme.log
set_property PROBES.FILE {} [get_hw_devices xc7a100t_0]
set_property FULL_PROBES.FILE {} [get_hw_devices xc7a100t_0]
set_property PROGRAM.FILE {C:/Users/Bendigeri/Desktop/josh-new-collision/es2e3-collisions/coursework.runs/impl_1/game_top.bit} [get_hw_devices xc7a100t_0]
program_hw_devices [get_hw_devices xc7a100t_0]
INFO: [Labtools 27-3164] End of startup status: HIGH
refresh_hw_device [lindex [get_hw_devices xc7a100t_0] 0]
INFO: [Labtools 27-1434] Device xc7a100t (JTAG device index = 0) is programmed with a design that has no supported debug core(s) in it.
reset_run synth_1
INFO: [Project 1-974] Auto Incremental Compile:: New reference dcp wns/whs is less than threshold, current reference dcp will not be replaced
launch_runs impl_1 -to_step write_bitstream -jobs 8
[Wed Dec 27 21:33:33 2023] Launched synth_1...
Run output will be captured here: C:/Users/Bendigeri/Desktop/josh-new-collision/es2e3-collisions/coursework.runs/synth_1/runme.log
[Wed Dec 27 21:33:33 2023] Launched impl_1...
Run output will be captured here: C:/Users/Bendigeri/Desktop/josh-new-collision/es2e3-collisions/coursework.runs/impl_1/runme.log
set_property PROBES.FILE {} [get_hw_devices xc7a100t_0]
set_property FULL_PROBES.FILE {} [get_hw_devices xc7a100t_0]
set_property PROGRAM.FILE {C:/Users/Bendigeri/Desktop/josh-new-collision/es2e3-collisions/coursework.runs/impl_1/game_top.bit} [get_hw_devices xc7a100t_0]
program_hw_devices [get_hw_devices xc7a100t_0]
INFO: [Labtools 27-3164] End of startup status: HIGH
refresh_hw_device [lindex [get_hw_devices xc7a100t_0] 0]
INFO: [Labtools 27-1434] Device xc7a100t (JTAG device index = 0) is programmed with a design that has no supported debug core(s) in it.
reset_run synth_1
INFO: [Project 1-974] Auto Incremental Compile:: New reference dcp wns/whs is less than threshold, current reference dcp will not be replaced
launch_runs impl_1 -to_step write_bitstream -jobs 8
[Wed Dec 27 21:40:48 2023] Launched synth_1...
Run output will be captured here: C:/Users/Bendigeri/Desktop/josh-new-collision/es2e3-collisions/coursework.runs/synth_1/runme.log
[Wed Dec 27 21:40:48 2023] Launched impl_1...
Run output will be captured here: C:/Users/Bendigeri/Desktop/josh-new-collision/es2e3-collisions/coursework.runs/impl_1/runme.log
set_property PROBES.FILE {} [get_hw_devices xc7a100t_0]
set_property FULL_PROBES.FILE {} [get_hw_devices xc7a100t_0]
set_property PROGRAM.FILE {C:/Users/Bendigeri/Desktop/josh-new-collision/es2e3-collisions/coursework.runs/impl_1/game_top.bit} [get_hw_devices xc7a100t_0]
program_hw_devices [get_hw_devices xc7a100t_0]
INFO: [Labtools 27-3164] End of startup status: HIGH
refresh_hw_device [lindex [get_hw_devices xc7a100t_0] 0]
INFO: [Labtools 27-1434] Device xc7a100t (JTAG device index = 0) is programmed with a design that has no supported debug core(s) in it.
reset_run synth_1
INFO: [Project 1-974] Auto Incremental Compile:: New reference dcp wns/whs is less than threshold, current reference dcp will not be replaced
launch_runs impl_1 -to_step write_bitstream -jobs 8
[Wed Dec 27 21:48:12 2023] Launched synth_1...
Run output will be captured here: C:/Users/Bendigeri/Desktop/josh-new-collision/es2e3-collisions/coursework.runs/synth_1/runme.log
[Wed Dec 27 21:48:12 2023] Launched impl_1...
Run output will be captured here: C:/Users/Bendigeri/Desktop/josh-new-collision/es2e3-collisions/coursework.runs/impl_1/runme.log
reset_run synth_1
launch_runs impl_1 -to_step write_bitstream -jobs 8
[Wed Dec 27 21:49:33 2023] Launched synth_1...
Run output will be captured here: C:/Users/Bendigeri/Desktop/josh-new-collision/es2e3-collisions/coursework.runs/synth_1/runme.log
[Wed Dec 27 21:49:33 2023] Launched impl_1...
Run output will be captured here: C:/Users/Bendigeri/Desktop/josh-new-collision/es2e3-collisions/coursework.runs/impl_1/runme.log
set_property PROBES.FILE {} [get_hw_devices xc7a100t_0]
set_property FULL_PROBES.FILE {} [get_hw_devices xc7a100t_0]
set_property PROGRAM.FILE {C:/Users/Bendigeri/Desktop/josh-new-collision/es2e3-collisions/coursework.runs/impl_1/game_top.bit} [get_hw_devices xc7a100t_0]
program_hw_devices [get_hw_devices xc7a100t_0]
INFO: [Labtools 27-3164] End of startup status: HIGH
refresh_hw_device [lindex [get_hw_devices xc7a100t_0] 0]
INFO: [Labtools 27-1434] Device xc7a100t (JTAG device index = 0) is programmed with a design that has no supported debug core(s) in it.
reset_run synth_1
INFO: [Project 1-974] Auto Incremental Compile:: New reference dcp wns/whs is less than threshold, current reference dcp will not be replaced
launch_runs impl_1 -to_step write_bitstream -jobs 8
[Wed Dec 27 21:56:09 2023] Launched synth_1...
Run output will be captured here: C:/Users/Bendigeri/Desktop/josh-new-collision/es2e3-collisions/coursework.runs/synth_1/runme.log
[Wed Dec 27 21:56:09 2023] Launched impl_1...
Run output will be captured here: C:/Users/Bendigeri/Desktop/josh-new-collision/es2e3-collisions/coursework.runs/impl_1/runme.log
set_property PROBES.FILE {} [get_hw_devices xc7a100t_0]
set_property FULL_PROBES.FILE {} [get_hw_devices xc7a100t_0]
set_property PROGRAM.FILE {C:/Users/Bendigeri/Desktop/josh-new-collision/es2e3-collisions/coursework.runs/impl_1/game_top.bit} [get_hw_devices xc7a100t_0]
program_hw_devices [get_hw_devices xc7a100t_0]
INFO: [Labtools 27-3164] End of startup status: HIGH
refresh_hw_device [lindex [get_hw_devices xc7a100t_0] 0]
INFO: [Labtools 27-1434] Device xc7a100t (JTAG device index = 0) is programmed with a design that has no supported debug core(s) in it.
set_property PROBES.FILE {} [get_hw_devices xc7a100t_0]
set_property FULL_PROBES.FILE {} [get_hw_devices xc7a100t_0]
set_property PROGRAM.FILE {C:/Users/Bendigeri/Desktop/josh-new-collision/es2e3-collisions/coursework.runs/impl_1/game_top.bit} [get_hw_devices xc7a100t_0]
program_hw_devices [get_hw_devices xc7a100t_0]
INFO: [Labtools 27-3164] End of startup status: HIGH
refresh_hw_device [lindex [get_hw_devices xc7a100t_0] 0]
INFO: [Labtools 27-1434] Device xc7a100t (JTAG device index = 0) is programmed with a design that has no supported debug core(s) in it.
reset_run synth_1
INFO: [Project 1-974] Auto Incremental Compile:: New reference dcp wns/whs is less than threshold, current reference dcp will not be replaced
launch_runs impl_1 -to_step write_bitstream -jobs 8
[Wed Dec 27 22:06:29 2023] Launched synth_1...
Run output will be captured here: C:/Users/Bendigeri/Desktop/josh-new-collision/es2e3-collisions/coursework.runs/synth_1/runme.log
[Wed Dec 27 22:06:29 2023] Launched impl_1...
Run output will be captured here: C:/Users/Bendigeri/Desktop/josh-new-collision/es2e3-collisions/coursework.runs/impl_1/runme.log
reset_run synth_1
launch_runs impl_1 -to_step write_bitstream -jobs 8
[Wed Dec 27 22:07:27 2023] Launched synth_1...
Run output will be captured here: C:/Users/Bendigeri/Desktop/josh-new-collision/es2e3-collisions/coursework.runs/synth_1/runme.log
[Wed Dec 27 22:07:27 2023] Launched impl_1...
Run output will be captured here: C:/Users/Bendigeri/Desktop/josh-new-collision/es2e3-collisions/coursework.runs/impl_1/runme.log
set_property PROBES.FILE {} [get_hw_devices xc7a100t_0]
set_property FULL_PROBES.FILE {} [get_hw_devices xc7a100t_0]
set_property PROGRAM.FILE {C:/Users/Bendigeri/Desktop/josh-new-collision/es2e3-collisions/coursework.runs/impl_1/game_top.bit} [get_hw_devices xc7a100t_0]
program_hw_devices [get_hw_devices xc7a100t_0]
INFO: [Labtools 27-3164] End of startup status: HIGH
refresh_hw_device [lindex [get_hw_devices xc7a100t_0] 0]
INFO: [Labtools 27-1434] Device xc7a100t (JTAG device index = 0) is programmed with a design that has no supported debug core(s) in it.
open_run impl_1
INFO: [Device 21-403] Loading part xc7a100tcsg324-1
Netlist sorting complete. Time (s): cpu = 00:00:00 ; elapsed = 00:00:00.053 . Memory (MB): peak = 2094.570 ; gain = 0.000
INFO: [Netlist 29-17] Analyzing 431 Unisim elements for replacement
INFO: [Netlist 29-28] Unisim Transformation completed in 0 CPU seconds
INFO: [Project 1-479] Netlist was created with Vivado 2023.1
INFO: [Project 1-570] Preparing netlist for logic optimization
WARNING: [Constraints 18-550] Could not create 'IBUF_LOW_PWR' constraint because net 'CLK1/clk_in1' is not directly connected to top level port. Synthesis is ignored for IBUF_LOW_PWR but preserved for implementation.
WARNING: [Constraints 18-550] Could not create 'IBUF_LOW_PWR' constraint because net 'G1/LGC_CLK/clk_in1' is not directly connected to top level port. Synthesis is ignored for IBUF_LOW_PWR but preserved for implementation.
INFO: [Timing 38-478] Restoring timing data from binary archive.
INFO: [Timing 38-479] Binary timing data restore complete.
INFO: [Project 1-856] Restoring constraints from binary archive.
INFO: [Project 1-853] Binary constraint restore complete.
Reading XDEF placement.
Reading placer database...
Reading XDEF routing.
Read XDEF Files: Time (s): cpu = 00:00:00 ; elapsed = 00:00:00.493 . Memory (MB): peak = 2799.391 ; gain = 0.000
Restored from archive | CPU: 0.000000 secs | Memory: 0.000000 MB |
Finished XDEF File Restore: Time (s): cpu = 00:00:00 ; elapsed = 00:00:00.494 . Memory (MB): peak = 2799.391 ; gain = 0.000
Netlist sorting complete. Time (s): cpu = 00:00:00 ; elapsed = 00:00:00.002 . Memory (MB): peak = 2799.391 ; gain = 0.000
INFO: [Project 1-111] Unisim Transformation Summary:
No Unisim elements were transformed.

open_run: Time (s): cpu = 00:00:17 ; elapsed = 00:00:22 . Memory (MB): peak = 2900.258 ; gain = 1172.766
CRITICAL WARNING: [Timing 38-282] The design failed to meet the timing requirements. Please see the timing summary report for details on the timing violations.
reset_run synth_1
INFO: [Project 1-974] Auto Incremental Compile:: New reference dcp wns/whs is less than threshold, current reference dcp will not be replaced
launch_runs impl_1 -to_step write_bitstream -jobs 8
[Wed Dec 27 22:32:54 2023] Launched synth_1...
Run output will be captured here: C:/Users/Bendigeri/Desktop/josh-new-collision/es2e3-collisions/coursework.runs/synth_1/runme.log
[Wed Dec 27 22:32:54 2023] Launched impl_1...
Run output will be captured here: C:/Users/Bendigeri/Desktop/josh-new-collision/es2e3-collisions/coursework.runs/impl_1/runme.log
set_property PROBES.FILE {} [get_hw_devices xc7a100t_0]
set_property FULL_PROBES.FILE {} [get_hw_devices xc7a100t_0]
set_property PROGRAM.FILE {C:/Users/Bendigeri/Desktop/josh-new-collision/es2e3-collisions/coursework.runs/impl_1/game_top.bit} [get_hw_devices xc7a100t_0]
program_hw_devices [get_hw_devices xc7a100t_0]
INFO: [Labtools 27-3164] End of startup status: HIGH
refresh_hw_device [lindex [get_hw_devices xc7a100t_0] 0]
INFO: [Labtools 27-1434] Device xc7a100t (JTAG device index = 0) is programmed with a design that has no supported debug core(s) in it.
reset_run synth_1
INFO: [Project 1-973] Auto Incremental Compile:: New reference dcp wns and whs are greater than threshold, current reference dcp will be replaced
INFO: [Project 1-1161] Replacing file C:/Users/Bendigeri/Desktop/josh-new-collision/es2e3-collisions/coursework.srcs/utils_1/imports/impl_1/game_top_routed.dcp with file C:/Users/Bendigeri/Desktop/josh-new-collision/es2e3-collisions/coursework.runs/impl_1/game_top_routed.dcp
launch_runs impl_1 -to_step write_bitstream -jobs 8
[Wed Dec 27 22:51:47 2023] Launched synth_1...
Run output will be captured here: C:/Users/Bendigeri/Desktop/josh-new-collision/es2e3-collisions/coursework.runs/synth_1/runme.log
[Wed Dec 27 22:51:47 2023] Launched impl_1...
Run output will be captured here: C:/Users/Bendigeri/Desktop/josh-new-collision/es2e3-collisions/coursework.runs/impl_1/runme.log
reset_run synth_1
launch_runs impl_1 -to_step write_bitstream -jobs 8
[Wed Dec 27 22:52:45 2023] Launched synth_1...
Run output will be captured here: C:/Users/Bendigeri/Desktop/josh-new-collision/es2e3-collisions/coursework.runs/synth_1/runme.log
[Wed Dec 27 22:52:45 2023] Launched impl_1...
Run output will be captured here: C:/Users/Bendigeri/Desktop/josh-new-collision/es2e3-collisions/coursework.runs/impl_1/runme.log
reset_run synth_1
launch_runs impl_1 -to_step write_bitstream -jobs 8
[Wed Dec 27 22:53:44 2023] Launched synth_1...
Run output will be captured here: C:/Users/Bendigeri/Desktop/josh-new-collision/es2e3-collisions/coursework.runs/synth_1/runme.log
[Wed Dec 27 22:53:44 2023] Launched impl_1...
Run output will be captured here: C:/Users/Bendigeri/Desktop/josh-new-collision/es2e3-collisions/coursework.runs/impl_1/runme.log
set_property PROBES.FILE {} [get_hw_devices xc7a100t_0]
set_property FULL_PROBES.FILE {} [get_hw_devices xc7a100t_0]
set_property PROGRAM.FILE {C:/Users/Bendigeri/Desktop/josh-new-collision/es2e3-collisions/coursework.runs/impl_1/game_top.bit} [get_hw_devices xc7a100t_0]
program_hw_devices [get_hw_devices xc7a100t_0]
INFO: [Labtools 27-3164] End of startup status: HIGH
refresh_hw_device [lindex [get_hw_devices xc7a100t_0] 0]
INFO: [Labtools 27-1434] Device xc7a100t (JTAG device index = 0) is programmed with a design that has no supported debug core(s) in it.
exit
INFO: [Common 17-206] Exiting Vivado at Wed Dec 27 23:02:07 2023...
